# JRE version: Java(TM) SE Runtime Environment (8.0_112-b15) (build 1.8.0_112-b15)
# Java VM: Java HotSpot(TM) 64-Bit Server VM (25.112-b15 mixed mode windows-amd64 compressed oops)
Heap:
 PSYoungGen      total 181760K, used 168288K [0x00000000eab00000, 0x00000000f9380000, 0x0000000100000000)
  eden space 166400K, 91% used [0x00000000eab00000,0x00000000f405fe08,0x00000000f4d80000)
  from space 15360K, 99% used [0x00000000f4d80000,0x00000000f5c78260,0x00000000f5c80000)
  to   space 19456K, 0% used [0x00000000f8080000,0x00000000f8080000,0x00000000f9380000)
 ParOldGen       total 99328K, used 27075K [0x00000000c0000000, 0x00000000c6100000, 0x00000000eab00000)
  object space 99328K, 27% used [0x00000000c0000000,0x00000000c1a70ce0,0x00000000c6100000)
 Metaspace       used 56489K, capacity 58596K, committed 58800K, reserved 1099776K
  class space    used 7787K, capacity 8295K, committed 8368K, reserved 1048576K
GC Heap History (10 events):
Event: 5.081 GC heap before
{Heap before GC invocations=7 (full 1):
 PSYoungGen      total 71680K, used 66560K [0x00000000eab00000, 0x00000000f4100000, 0x0000000100000000)
  eden space 66560K, 100% used [0x00000000eab00000,0x00000000eec00000,0x00000000eec00000)
  from space 5120K, 0% used [0x00000000eec00000,0x00000000eec00000,0x00000000ef100000)
  to   space 10240K, 0% used [0x00000000f3700000,0x00000000f3700000,0x00000000f4100000)
 ParOldGen       total 57856K, used 7997K [0x00000000c0000000, 0x00000000c3880000, 0x00000000eab00000)
  object space 57856K, 13% used [0x00000000c0000000,0x00000000c07cf5b0,0x00000000c3880000)
 Metaspace       used 26404K, capacity 26896K, committed 27184K, reserved 1073152K
  class space    used 3715K, capacity 3867K, committed 3888K, reserved 1048576K
Event: 5.091 GC heap after
Heap after GC invocations=7 (full 1):
 PSYoungGen      total 114176K, used 7385K [0x00000000eab00000, 0x00000000f3e80000, 0x0000000100000000)
  eden space 106496K, 0% used [0x00000000eab00000,0x00000000eab00000,0x00000000f1300000)
  from space 7680K, 96% used [0x00000000f3700000,0x00000000f3e36640,0x00000000f3e80000)
  to   space 10240K, 0% used [0x00000000f2a80000,0x00000000f2a80000,0x00000000f3480000)
 ParOldGen       total 57856K, used 8005K [0x00000000c0000000, 0x00000000c3880000, 0x00000000eab00000)
  object space 57856K, 13% used [0x00000000c0000000,0x00000000c07d15b0,0x00000000c3880000)
 Metaspace       used 26404K, capacity 26896K, committed 27184K, reserved 1073152K
  class space    used 3715K, capacity 3867K, committed 3888K, reserved 1048576K
}
Event: 6.717 GC heap before
{Heap before GC invocations=8 (full 1):
 PSYoungGen      total 114176K, used 104157K [0x00000000eab00000, 0x00000000f3e80000, 0x0000000100000000)
  eden space 106496K, 90% used [0x00000000eab00000,0x00000000f0980f38,0x00000000f1300000)
  from space 7680K, 96% used [0x00000000f3700000,0x00000000f3e36640,0x00000000f3e80000)
  to   space 10240K, 0% used [0x00000000f2a80000,0x00000000f2a80000,0x00000000f3480000)
 ParOldGen       total 57856K, used 8005K [0x00000000c0000000, 0x00000000c3880000, 0x00000000eab00000)
  object space 57856K, 13% used [0x00000000c0000000,0x00000000c07d15b0,0x00000000c3880000)
 Metaspace       used 34624K, capacity 35336K, committed 35496K, reserved 1079296K
  class space    used 4887K, capacity 5129K, committed 5168K, reserved 1048576K
Event: 6.743 GC heap after
Heap after GC invocations=8 (full 1):
 PSYoungGen      total 140800K, used 10222K [0x00000000eab00000, 0x00000000f6900000, 0x0000000100000000)
  eden space 130560K, 0% used [0x00000000eab00000,0x00000000eab00000,0x00000000f2a80000)
  from space 10240K, 99% used [0x00000000f2a80000,0x00000000f347ba00,0x00000000f3480000)
  to   space 12800K, 0% used [0x00000000f5c80000,0x00000000f5c80000,0x00000000f6900000)
 ParOldGen       total 57856K, used 11335K [0x00000000c0000000, 0x00000000c3880000, 0x00000000eab00000)
  object space 57856K, 19% used [0x00000000c0000000,0x00000000c0b11c58,0x00000000c3880000)
 Metaspace       used 34624K, capacity 35336K, committed 35496K, reserved 1079296K
  class space    used 4887K, capacity 5129K, committed 5168K, reserved 1048576K
}
Event: 6.743 GC heap before
{Heap before GC invocations=9 (full 2):
 PSYoungGen      total 140800K, used 10222K [0x00000000eab00000, 0x00000000f6900000, 0x0000000100000000)
  eden space 130560K, 0% used [0x00000000eab00000,0x00000000eab00000,0x00000000f2a80000)
  from space 10240K, 99% used [0x00000000f2a80000,0x00000000f347ba00,0x00000000f3480000)
  to   space 12800K, 0% used [0x00000000f5c80000,0x00000000f5c80000,0x00000000f6900000)
 ParOldGen       total 57856K, used 11335K [0x00000000c0000000, 0x00000000c3880000, 0x00000000eab00000)
  object space 57856K, 19% used [0x00000000c0000000,0x00000000c0b11c58,0x00000000c3880000)
 Metaspace       used 34624K, capacity 35336K, committed 35496K, reserved 1079296K
  class space    used 4887K, capacity 5129K, committed 5168K, reserved 1048576K
Event: 6.881 GC heap after
Heap after GC invocations=9 (full 2):
 PSYoungGen      total 140800K, used 0K [0x00000000eab00000, 0x00000000f6900000, 0x0000000100000000)
  eden space 130560K, 0% used [0x00000000eab00000,0x00000000eab00000,0x00000000f2a80000)
  from space 10240K, 0% used [0x00000000f2a80000,0x00000000f2a80000,0x00000000f3480000)
  to   space 12800K, 0% used [0x00000000f5c80000,0x00000000f5c80000,0x00000000f6900000)
 ParOldGen       total 99328K, used 20102K [0x00000000c0000000, 0x00000000c6100000, 0x00000000eab00000)
  object space 99328K, 20% used [0x00000000c0000000,0x00000000c13a1838,0x00000000c6100000)
 Metaspace       used 34624K, capacity 35336K, committed 35496K, reserved 1079296K
  class space    used 4887K, capacity 5129K, committed 5168K, reserved 1048576K
}
Event: 9.376 GC heap before
{Heap before GC invocations=10 (full 2):
 PSYoungGen      total 140800K, used 130560K [0x00000000eab00000, 0x00000000f6900000, 0x0000000100000000)
  eden space 130560K, 100% used [0x00000000eab00000,0x00000000f2a80000,0x00000000f2a80000)
  from space 10240K, 0% used [0x00000000f2a80000,0x00000000f2a80000,0x00000000f3480000)
  to   space 12800K, 0% used [0x00000000f5c80000,0x00000000f5c80000,0x00000000f6900000)
 ParOldGen       total 99328K, used 20102K [0x00000000c0000000, 0x00000000c6100000, 0x00000000eab00000)
  object space 99328K, 20% used [0x00000000c0000000,0x00000000c13a1838,0x00000000c6100000)
 Metaspace       used 45459K, capacity 46454K, committed 46640K, reserved 1089536K
  class space    used 6337K, capacity 6666K, committed 6704K, reserved 1048576K
Event: 9.394 GC heap after
Heap after GC invocations=10 (full 2):
 PSYoungGen      total 179200K, used 12769K [0x00000000eab00000, 0x00000000f7300000, 0x0000000100000000)
  eden space 166400K, 0% used [0x00000000eab00000,0x00000000eab00000,0x00000000f4d80000)
  from space 12800K, 99% used [0x00000000f5c80000,0x00000000f68f84c0,0x00000000f6900000)
  to   space 15360K, 0% used [0x00000000f4d80000,0x00000000f4d80000,0x00000000f5c80000)
 ParOldGen       total 99328K, used 21741K [0x00000000c0000000, 0x00000000c6100000, 0x00000000eab00000)
  object space 99328K, 21% used [0x00000000c0000000,0x00000000c153b608,0x00000000c6100000)
 Metaspace       used 45459K, capacity 46454K, committed 46640K, reserved 1089536K
  class space    used 6337K, capacity 6666K, committed 6704K, reserved 1048576K
}
Event: 10.993 GC heap before
{Heap before GC invocations=11 (full 2):
 PSYoungGen      total 179200K, used 179169K [0x00000000eab00000, 0x00000000f7300000, 0x0000000100000000)
  eden space 166400K, 100% used [0x00000000eab00000,0x00000000f4d80000,0x00000000f4d80000)
  from space 12800K, 99% used [0x00000000f5c80000,0x00000000f68f84c0,0x00000000f6900000)
  to   space 15360K, 0% used [0x00000000f4d80000,0x00000000f4d80000,0x00000000f5c80000)
 ParOldGen       total 99328K, used 21741K [0x00000000c0000000, 0x00000000c6100000, 0x00000000eab00000)
  object space 99328K, 21% used [0x00000000c0000000,0x00000000c153b608,0x00000000c6100000)
 Metaspace       used 50562K, capacity 52264K, committed 52272K, reserved 1093632K
  class space    used 7046K, capacity 7471K, committed 7472K, reserved 1048576K
Event: 11.014 GC heap after
Heap after GC invocations=11 (full 2):
 PSYoungGen      total 181760K, used 15328K [0x00000000eab00000, 0x00000000f9380000, 0x0000000100000000)
  eden space 166400K, 0% used [0x00000000eab00000,0x00000000eab00000,0x00000000f4d80000)
  from space 15360K, 99% used [0x00000000f4d80000,0x00000000f5c78260,0x00000000f5c80000)
  to   space 19456K, 0% used [0x00000000f8080000,0x00000000f8080000,0x00000000f9380000)
 ParOldGen       total 99328K, used 27075K [0x00000000c0000000, 0x00000000c6100000, 0x00000000eab00000)
  object space 99328K, 27% used [0x00000000c0000000,0x00000000c1a70ce0,0x00000000c6100000)
 Metaspace       used 50562K, capacity 52264K, committed 52272K, reserved 1093632K
  class space    used 7046K, capacity 7471K, committed 7472K, reserved 1048576K
}

