# JRE version: Java(TM) SE Runtime Environment (8.0_112-b15) (build 1.8.0_112-b15)
# Java VM: Java HotSpot(TM) 64-Bit Server VM (25.112-b15 mixed mode windows-amd64 compressed oops)
Heap:
 PSYoungGen      total 168960K, used 109357K [0x00000000eab00000, 0x00000000f8b80000, 0x0000000100000000)
  eden space 154112K, 70% used [0x00000000eab00000,0x00000000f15cb6f0,0x00000000f4180000)
  from space 14848K, 0% used [0x00000000f4180000,0x00000000f4180000,0x00000000f5000000)
  to   space 15360K, 0% used [0x00000000f7c80000,0x00000000f7c80000,0x00000000f8b80000)
 ParOldGen       total 138752K, used 42826K [0x00000000c0000000, 0x00000000c8780000, 0x00000000eab00000)
  object space 138752K, 30% used [0x00000000c0000000,0x00000000c29d2aa8,0x00000000c8780000)
 Metaspace       used 59819K, capacity 62464K, committed 62768K, reserved 1103872K
  class space    used 8044K, capacity 8649K, committed 8752K, reserved 1048576K
GC Heap History (10 events):
Event: 19.970 GC heap before
{Heap before GC invocations=12 (full 2):
 PSYoungGen      total 97280K, used 86016K [0x00000000eab00000, 0x00000000f3480000, 0x0000000100000000)
  eden space 86016K, 100% used [0x00000000eab00000,0x00000000eff00000,0x00000000eff00000)
  from space 11264K, 0% used [0x00000000eff00000,0x00000000eff00000,0x00000000f0a00000)
  to   space 11264K, 0% used [0x00000000f2980000,0x00000000f2980000,0x00000000f3480000)
 ParOldGen       total 84480K, used 15768K [0x00000000c0000000, 0x00000000c5280000, 0x00000000eab00000)
  object space 84480K, 18% used [0x00000000c0000000,0x00000000c0f663b0,0x00000000c5280000)
 Metaspace       used 39414K, capacity 40322K, committed 40624K, reserved 1083392K
  class space    used 5480K, capacity 5752K, committed 5808K, reserved 1048576K
Event: 19.985 GC heap after
Heap after GC invocations=12 (full 2):
 PSYoungGen      total 128512K, used 9141K [0x00000000eab00000, 0x00000000f3480000, 0x0000000100000000)
  eden space 117248K, 0% used [0x00000000eab00000,0x00000000eab00000,0x00000000f1d80000)
  from space 11264K, 81% used [0x00000000f2980000,0x00000000f326d480,0x00000000f3480000)
  to   space 11776K, 0% used [0x00000000f1d80000,0x00000000f1d80000,0x00000000f2900000)
 ParOldGen       total 84480K, used 15776K [0x00000000c0000000, 0x00000000c5280000, 0x00000000eab00000)
  object space 84480K, 18% used [0x00000000c0000000,0x00000000c0f683b0,0x00000000c5280000)
 Metaspace       used 39414K, capacity 40322K, committed 40624K, reserved 1083392K
  class space    used 5480K, capacity 5752K, committed 5808K, reserved 1048576K
}
Event: 22.617 GC heap before
{Heap before GC invocations=13 (full 2):
 PSYoungGen      total 128512K, used 126389K [0x00000000eab00000, 0x00000000f3480000, 0x0000000100000000)
  eden space 117248K, 100% used [0x00000000eab00000,0x00000000f1d80000,0x00000000f1d80000)
  from space 11264K, 81% used [0x00000000f2980000,0x00000000f326d480,0x00000000f3480000)
  to   space 11776K, 0% used [0x00000000f1d80000,0x00000000f1d80000,0x00000000f2900000)
 ParOldGen       total 84480K, used 15776K [0x00000000c0000000, 0x00000000c5280000, 0x00000000eab00000)
  object space 84480K, 18% used [0x00000000c0000000,0x00000000c0f683b0,0x00000000c5280000)
 Metaspace       used 46073K, capacity 47154K, committed 47408K, reserved 1089536K
  class space    used 6367K, capacity 6686K, committed 6704K, reserved 1048576K
Event: 22.631 GC heap after
Heap after GC invocations=13 (full 2):
 PSYoungGen      total 129024K, used 8950K [0x00000000eab00000, 0x00000000f5b80000, 0x0000000100000000)
  eden space 117248K, 0% used [0x00000000eab00000,0x00000000eab00000,0x00000000f1d80000)
  from space 11776K, 76% used [0x00000000f1d80000,0x00000000f263da98,0x00000000f2900000)
  to   space 11776K, 0% used [0x00000000f5000000,0x00000000f5000000,0x00000000f5b80000)
 ParOldGen       total 84480K, used 21950K [0x00000000c0000000, 0x00000000c5280000, 0x00000000eab00000)
  object space 84480K, 25% used [0x00000000c0000000,0x00000000c156f928,0x00000000c5280000)
 Metaspace       used 46073K, capacity 47154K, committed 47408K, reserved 1089536K
  class space    used 6367K, capacity 6686K, committed 6704K, reserved 1048576K
}
Event: 26.387 GC heap before
{Heap before GC invocations=14 (full 2):
 PSYoungGen      total 129024K, used 126198K [0x00000000eab00000, 0x00000000f5b80000, 0x0000000100000000)
  eden space 117248K, 100% used [0x00000000eab00000,0x00000000f1d80000,0x00000000f1d80000)
  from space 11776K, 76% used [0x00000000f1d80000,0x00000000f263da98,0x00000000f2900000)
  to   space 11776K, 0% used [0x00000000f5000000,0x00000000f5000000,0x00000000f5b80000)
 ParOldGen       total 84480K, used 21950K [0x00000000c0000000, 0x00000000c5280000, 0x00000000eab00000)
  object space 84480K, 25% used [0x00000000c0000000,0x00000000c156f928,0x00000000c5280000)
 Metaspace       used 51541K, capacity 53466K, committed 53552K, reserved 1095680K
  class space    used 7194K, capacity 7672K, committed 7728K, reserved 1048576K
Event: 26.412 GC heap after
Heap after GC invocations=14 (full 2):
 PSYoungGen      total 165888K, used 11769K [0x00000000eab00000, 0x00000000f6000000, 0x0000000100000000)
  eden space 154112K, 0% used [0x00000000eab00000,0x00000000eab00000,0x00000000f4180000)
  from space 11776K, 99% used [0x00000000f5000000,0x00000000f5b7e490,0x00000000f5b80000)
  to   space 14848K, 0% used [0x00000000f4180000,0x00000000f4180000,0x00000000f5000000)
 ParOldGen       total 84480K, used 26504K [0x00000000c0000000, 0x00000000c5280000, 0x00000000eab00000)
  object space 84480K, 31% used [0x00000000c0000000,0x00000000c19e2188,0x00000000c5280000)
 Metaspace       used 51541K, capacity 53466K, committed 53552K, reserved 1095680K
  class space    used 7194K, capacity 7672K, committed 7728K, reserved 1048576K
}
Event: 43.328 GC heap before
{Heap before GC invocations=15 (full 2):
 PSYoungGen      total 165888K, used 134352K [0x00000000eab00000, 0x00000000f6000000, 0x0000000100000000)
  eden space 154112K, 79% used [0x00000000eab00000,0x00000000f22b5e38,0x00000000f4180000)
  from space 11776K, 99% used [0x00000000f5000000,0x00000000f5b7e490,0x00000000f5b80000)
  to   space 14848K, 0% used [0x00000000f4180000,0x00000000f4180000,0x00000000f5000000)
 ParOldGen       total 84480K, used 26504K [0x00000000c0000000, 0x00000000c5280000, 0x00000000eab00000)
  object space 84480K, 31% used [0x00000000c0000000,0x00000000c19e2188,0x00000000c5280000)
 Metaspace       used 57024K, capacity 59122K, committed 59160K, reserved 1099776K
  class space    used 7853K, capacity 8346K, committed 8368K, reserved 1048576K
Event: 43.358 GC heap after
Heap after GC invocations=15 (full 2):
 PSYoungGen      total 168960K, used 12072K [0x00000000eab00000, 0x00000000f8b80000, 0x0000000100000000)
  eden space 154112K, 0% used [0x00000000eab00000,0x00000000eab00000,0x00000000f4180000)
  from space 14848K, 81% used [0x00000000f4180000,0x00000000f4d4a000,0x00000000f5000000)
  to   space 15360K, 0% used [0x00000000f7c80000,0x00000000f7c80000,0x00000000f8b80000)
 ParOldGen       total 84480K, used 34339K [0x00000000c0000000, 0x00000000c5280000, 0x00000000eab00000)
  object space 84480K, 40% used [0x00000000c0000000,0x00000000c2188c80,0x00000000c5280000)
 Metaspace       used 57024K, capacity 59122K, committed 59160K, reserved 1099776K
  class space    used 7853K, capacity 8346K, committed 8368K, reserved 1048576K
}
Event: 43.358 GC heap before
{Heap before GC invocations=16 (full 3):
 PSYoungGen      total 168960K, used 12072K [0x00000000eab00000, 0x00000000f8b80000, 0x0000000100000000)
  eden space 154112K, 0% used [0x00000000eab00000,0x00000000eab00000,0x00000000f4180000)
  from space 14848K, 81% used [0x00000000f4180000,0x00000000f4d4a000,0x00000000f5000000)
  to   space 15360K, 0% used [0x00000000f7c80000,0x00000000f7c80000,0x00000000f8b80000)
 ParOldGen       total 84480K, used 34339K [0x00000000c0000000, 0x00000000c5280000, 0x00000000eab00000)
  object space 84480K, 40% used [0x00000000c0000000,0x00000000c2188c80,0x00000000c5280000)
 Metaspace       used 57024K, capacity 59122K, committed 59160K, reserved 1099776K
  class space    used 7853K, capacity 8346K, committed 8368K, reserved 1048576K
Event: 43.703 GC heap after
Heap after GC invocations=16 (full 3):
 PSYoungGen      total 168960K, used 0K [0x00000000eab00000, 0x00000000f8b80000, 0x0000000100000000)
  eden space 154112K, 0% used [0x00000000eab00000,0x00000000eab00000,0x00000000f4180000)
  from space 14848K, 0% used [0x00000000f4180000,0x00000000f4180000,0x00000000f5000000)
  to   space 15360K, 0% used [0x00000000f7c80000,0x00000000f7c80000,0x00000000f8b80000)
 ParOldGen       total 138752K, used 42826K [0x00000000c0000000, 0x00000000c8780000, 0x00000000eab00000)
  object space 138752K, 30% used [0x00000000c0000000,0x00000000c29d2aa8,0x00000000c8780000)
 Metaspace       used 57024K, capacity 59122K, committed 59160K, reserved 1099776K
  class space    used 7853K, capacity 8346K, committed 8368K, reserved 1048576K
}

