# JRE version: Java(TM) SE Runtime Environment (8.0_112-b15) (build 1.8.0_112-b15)
# Java VM: Java HotSpot(TM) 64-Bit Server VM (25.112-b15 mixed mode windows-amd64 compressed oops)
Heap:
 PSYoungGen      total 265728K, used 125778K [0x00000000eab00000, 0x00000000fe600000, 0x0000000100000000)
  eden space 212992K, 57% used [0x00000000eab00000,0x00000000f2288b58,0x00000000f7b00000)
  from space 52736K, 6% used [0x00000000fb280000,0x00000000fb5cc030,0x00000000fe600000)
  to   space 54784K, 0% used [0x00000000f7b00000,0x00000000f7b00000,0x00000000fb080000)
 ParOldGen       total 164864K, used 103397K [0x00000000c0000000, 0x00000000ca100000, 0x00000000eab00000)
  object space 164864K, 62% used [0x00000000c0000000,0x00000000c64f9470,0x00000000ca100000)
 Metaspace       used 83317K, capacity 88100K, committed 88240K, reserved 1126400K
  class space    used 10769K, capacity 11696K, committed 11696K, reserved 1048576K
GC Heap History (10 events):
Event: 16122.941 GC heap before
{Heap before GC invocations=21 (full 3):
 PSYoungGen      total 181248K, used 180287K [0x00000000eab00000, 0x00000000f8e00000, 0x0000000100000000)
  eden space 150528K, 99% used [0x00000000eab00000,0x00000000f3d24138,0x00000000f3e00000)
  from space 30720K, 99% used [0x00000000f4200000,0x00000000f5febca8,0x00000000f6000000)
  to   space 40960K, 0% used [0x00000000f6600000,0x00000000f6600000,0x00000000f8e00000)
 ParOldGen       total 164864K, used 60775K [0x00000000c0000000, 0x00000000ca100000, 0x00000000eab00000)
  object space 164864K, 36% used [0x00000000c0000000,0x00000000c3b59e20,0x00000000ca100000)
 Metaspace       used 82795K, capacity 87320K, committed 87472K, reserved 1124352K
  class space    used 10716K, capacity 11608K, committed 11696K, reserved 1048576K
Event: 16122.973 GC heap after
Heap after GC invocations=21 (full 3):
 PSYoungGen      total 180224K, used 40948K [0x00000000eab00000, 0x00000000fa000000, 0x0000000100000000)
  eden space 139264K, 0% used [0x00000000eab00000,0x00000000eab00000,0x00000000f3300000)
  from space 40960K, 99% used [0x00000000f6600000,0x00000000f8dfd150,0x00000000f8e00000)
  to   space 52224K, 0% used [0x00000000f3300000,0x00000000f3300000,0x00000000f6600000)
 ParOldGen       total 164864K, used 72749K [0x00000000c0000000, 0x00000000ca100000, 0x00000000eab00000)
  object space 164864K, 44% used [0x00000000c0000000,0x00000000c470b788,0x00000000ca100000)
 Metaspace       used 82795K, capacity 87320K, committed 87472K, reserved 1124352K
  class space    used 10716K, capacity 11608K, committed 11696K, reserved 1048576K
}
Event: 16123.239 GC heap before
{Heap before GC invocations=22 (full 3):
 PSYoungGen      total 180224K, used 179851K [0x00000000eab00000, 0x00000000fa000000, 0x0000000100000000)
  eden space 139264K, 99% used [0x00000000eab00000,0x00000000f32a5c38,0x00000000f3300000)
  from space 40960K, 99% used [0x00000000f6600000,0x00000000f8dfd150,0x00000000f8e00000)
  to   space 52224K, 0% used [0x00000000f3300000,0x00000000f3300000,0x00000000f6600000)
 ParOldGen       total 164864K, used 72749K [0x00000000c0000000, 0x00000000ca100000, 0x00000000eab00000)
  object space 164864K, 44% used [0x00000000c0000000,0x00000000c470b788,0x00000000ca100000)
 Metaspace       used 82919K, capacity 87470K, committed 87728K, reserved 1126400K
  class space    used 10733K, capacity 11615K, committed 11696K, reserved 1048576K
Event: 16123.258 GC heap after
Heap after GC invocations=22 (full 3):
 PSYoungGen      total 191488K, used 35578K [0x00000000eab00000, 0x00000000fb300000, 0x0000000100000000)
  eden space 139264K, 0% used [0x00000000eab00000,0x00000000eab00000,0x00000000f3300000)
  from space 52224K, 68% used [0x00000000f3300000,0x00000000f55be810,0x00000000f6600000)
  to   space 54784K, 0% used [0x00000000f7d80000,0x00000000f7d80000,0x00000000fb300000)
 ParOldGen       total 164864K, used 75386K [0x00000000c0000000, 0x00000000ca100000, 0x00000000eab00000)
  object space 164864K, 45% used [0x00000000c0000000,0x00000000c499e8b0,0x00000000ca100000)
 Metaspace       used 82919K, capacity 87470K, committed 87728K, reserved 1126400K
  class space    used 10733K, capacity 11615K, committed 11696K, reserved 1048576K
}
Event: 16123.275 GC heap before
{Heap before GC invocations=23 (full 3):
 PSYoungGen      total 191488K, used 174147K [0x00000000eab00000, 0x00000000fb300000, 0x0000000100000000)
  eden space 139264K, 99% used [0x00000000eab00000,0x00000000f3252418,0x00000000f3300000)
  from space 52224K, 68% used [0x00000000f3300000,0x00000000f55be810,0x00000000f6600000)
  to   space 54784K, 0% used [0x00000000f7d80000,0x00000000f7d80000,0x00000000fb300000)
 ParOldGen       total 164864K, used 75386K [0x00000000c0000000, 0x00000000ca100000, 0x00000000eab00000)
  object space 164864K, 45% used [0x00000000c0000000,0x00000000c499e8b0,0x00000000ca100000)
 Metaspace       used 82924K, capacity 87470K, committed 87728K, reserved 1126400K
  class space    used 10733K, capacity 11615K, committed 11696K, reserved 1048576K
Event: 16123.297 GC heap after
Heap after GC invocations=23 (full 3):
 PSYoungGen      total 214016K, used 35069K [0x00000000eab00000, 0x00000000fce00000, 0x0000000100000000)
  eden space 159232K, 0% used [0x00000000eab00000,0x00000000eab00000,0x00000000f4680000)
  from space 54784K, 64% used [0x00000000f7d80000,0x00000000f9fbf420,0x00000000fb300000)
  to   space 56320K, 0% used [0x00000000f4680000,0x00000000f4680000,0x00000000f7d80000)
 ParOldGen       total 164864K, used 75394K [0x00000000c0000000, 0x00000000ca100000, 0x00000000eab00000)
  object space 164864K, 45% used [0x00000000c0000000,0x00000000c49a08b0,0x00000000ca100000)
 Metaspace       used 82924K, capacity 87470K, committed 87728K, reserved 1126400K
  class space    used 10733K, capacity 11615K, committed 11696K, reserved 1048576K
}
Event: 16123.321 GC heap before
{Heap before GC invocations=24 (full 3):
 PSYoungGen      total 214016K, used 193455K [0x00000000eab00000, 0x00000000fce00000, 0x0000000100000000)
  eden space 159232K, 99% used [0x00000000eab00000,0x00000000f45aca40,0x00000000f4680000)
  from space 54784K, 64% used [0x00000000f7d80000,0x00000000f9fbf420,0x00000000fb300000)
  to   space 56320K, 0% used [0x00000000f4680000,0x00000000f4680000,0x00000000f7d80000)
 ParOldGen       total 164864K, used 75394K [0x00000000c0000000, 0x00000000ca100000, 0x00000000eab00000)
  object space 164864K, 45% used [0x00000000c0000000,0x00000000c49a08b0,0x00000000ca100000)
 Metaspace       used 82927K, capacity 87470K, committed 87728K, reserved 1126400K
  class space    used 10733K, capacity 11615K, committed 11696K, reserved 1048576K
Event: 16123.342 GC heap after
Heap after GC invocations=24 (full 3):
 PSYoungGen      total 215552K, used 11740K [0x00000000eab00000, 0x00000000fe800000, 0x0000000100000000)
  eden space 159232K, 0% used [0x00000000eab00000,0x00000000eab00000,0x00000000f4680000)
  from space 56320K, 20% used [0x00000000f4680000,0x00000000f51f7008,0x00000000f7d80000)
  to   space 54784K, 0% used [0x00000000fb280000,0x00000000fb280000,0x00000000fe800000)
 ParOldGen       total 164864K, used 98636K [0x00000000c0000000, 0x00000000ca100000, 0x00000000eab00000)
  object space 164864K, 59% used [0x00000000c0000000,0x00000000c6053350,0x00000000ca100000)
 Metaspace       used 82927K, capacity 87470K, committed 87728K, reserved 1126400K
  class space    used 10733K, capacity 11615K, committed 11696K, reserved 1048576K
}
Event: 16602.800 GC heap before
{Heap before GC invocations=25 (full 3):
 PSYoungGen      total 215552K, used 170972K [0x00000000eab00000, 0x00000000fe800000, 0x0000000100000000)
  eden space 159232K, 100% used [0x00000000eab00000,0x00000000f4680000,0x00000000f4680000)
  from space 56320K, 20% used [0x00000000f4680000,0x00000000f51f7008,0x00000000f7d80000)
  to   space 54784K, 0% used [0x00000000fb280000,0x00000000fb280000,0x00000000fe800000)
 ParOldGen       total 164864K, used 98636K [0x00000000c0000000, 0x00000000ca100000, 0x00000000eab00000)
  object space 164864K, 59% used [0x00000000c0000000,0x00000000c6053350,0x00000000ca100000)
 Metaspace       used 83058K, capacity 87674K, committed 87984K, reserved 1126400K
  class space    used 10748K, capacity 11631K, committed 11696K, reserved 1048576K
Event: 16602.813 GC heap after
Heap after GC invocations=25 (full 3):
 PSYoungGen      total 265728K, used 3376K [0x00000000eab00000, 0x00000000fe600000, 0x0000000100000000)
  eden space 212992K, 0% used [0x00000000eab00000,0x00000000eab00000,0x00000000f7b00000)
  from space 52736K, 6% used [0x00000000fb280000,0x00000000fb5cc030,0x00000000fe600000)
  to   space 54784K, 0% used [0x00000000f7b00000,0x00000000f7b00000,0x00000000fb080000)
 ParOldGen       total 164864K, used 103397K [0x00000000c0000000, 0x00000000ca100000, 0x00000000eab00000)
  object space 164864K, 62% used [0x00000000c0000000,0x00000000c64f9470,0x00000000ca100000)
 Metaspace       used 83058K, capacity 87674K, committed 87984K, reserved 1126400K
  class space    used 10748K, capacity 11631K, committed 11696K, reserved 1048576K
}

