# JRE version: OpenJDK Runtime Environment (8.0_152-b06) (build 1.8.0_152-release-1136-b06)
# Java VM: OpenJDK 64-Bit Server VM (25.152-b06 mixed mode windows-amd64 compressed oops)
Heap:
 PSYoungGen      total 103936K, used 51593K [0x00000000eab00000, 0x00000000f2280000, 0x0000000100000000)
  eden space 95744K, 45% used [0x00000000eab00000,0x00000000ed599278,0x00000000f0880000)
  from space 8192K, 97% used [0x00000000f1a80000,0x00000000f22494a0,0x00000000f2280000)
  to   space 11776K, 0% used [0x00000000f0b80000,0x00000000f0b80000,0x00000000f1700000)
 ParOldGen       total 94720K, used 15677K [0x00000000c0000000, 0x00000000c5c80000, 0x00000000eab00000)
  object space 94720K, 16% used [0x00000000c0000000,0x00000000c0f4f7a8,0x00000000c5c80000)
 Metaspace       used 40699K, capacity 41676K, committed 42112K, reserved 1085440K
  class space    used 5570K, capacity 5903K, committed 6016K, reserved 1048576K
GC Heap History (10 events):
Event: 5.712 GC heap before
{Heap before GC invocations=8 (full 1):
 PSYoungGen      total 55808K, used 55462K [0x00000000eab00000, 0x00000000efa00000, 0x0000000100000000)
  eden space 51200K, 100% used [0x00000000eab00000,0x00000000edd00000,0x00000000edd00000)
  from space 4608K, 92% used [0x00000000ef580000,0x00000000ef9a9ab0,0x00000000efa00000)
  to   space 9728K, 0% used [0x00000000ee700000,0x00000000ee700000,0x00000000ef080000)
 ParOldGen       total 60416K, used 7753K [0x00000000c0000000, 0x00000000c3b00000, 0x00000000eab00000)
  object space 60416K, 12% used [0x00000000c0000000,0x00000000c0792530,0x00000000c3b00000)
 Metaspace       used 27752K, capacity 28358K, committed 28672K, reserved 1073152K
  class space    used 3871K, capacity 4030K, committed 4096K, reserved 1048576K
Event: 5.721 GC heap after
Heap after GC invocations=8 (full 1):
 PSYoungGen      total 71168K, used 7107K [0x00000000eab00000, 0x00000000f0a00000, 0x0000000100000000)
  eden space 61440K, 0% used [0x00000000eab00000,0x00000000eab00000,0x00000000ee700000)
  from space 9728K, 73% used [0x00000000ee700000,0x00000000eedf0f80,0x00000000ef080000)
  to   space 9728K, 0% used [0x00000000f0080000,0x00000000f0080000,0x00000000f0a00000)
 ParOldGen       total 60416K, used 7761K [0x00000000c0000000, 0x00000000c3b00000, 0x00000000eab00000)
  object space 60416K, 12% used [0x00000000c0000000,0x00000000c0794530,0x00000000c3b00000)
 Metaspace       used 27752K, capacity 28358K, committed 28672K, reserved 1073152K
  class space    used 3871K, capacity 4030K, committed 4096K, reserved 1048576K
}
Event: 7.525 GC heap before
{Heap before GC invocations=9 (full 1):
 PSYoungGen      total 71168K, used 68547K [0x00000000eab00000, 0x00000000f0a00000, 0x0000000100000000)
  eden space 61440K, 100% used [0x00000000eab00000,0x00000000ee700000,0x00000000ee700000)
  from space 9728K, 73% used [0x00000000ee700000,0x00000000eedf0f80,0x00000000ef080000)
  to   space 9728K, 0% used [0x00000000f0080000,0x00000000f0080000,0x00000000f0a00000)
 ParOldGen       total 60416K, used 7761K [0x00000000c0000000, 0x00000000c3b00000, 0x00000000eab00000)
  object space 60416K, 12% used [0x00000000c0000000,0x00000000c0794530,0x00000000c3b00000)
 Metaspace       used 31450K, capacity 32246K, committed 32640K, reserved 1077248K
  class space    used 4389K, capacity 4669K, committed 4736K, reserved 1048576K
Event: 7.563 GC heap after
Heap after GC invocations=9 (full 1):
 PSYoungGen      total 86016K, used 9705K [0x00000000eab00000, 0x00000000f1e80000, 0x0000000100000000)
  eden space 76288K, 0% used [0x00000000eab00000,0x00000000eab00000,0x00000000ef580000)
  from space 9728K, 99% used [0x00000000f0080000,0x00000000f09fa7b0,0x00000000f0a00000)
  to   space 11264K, 0% used [0x00000000ef580000,0x00000000ef580000,0x00000000f0080000)
 ParOldGen       total 60416K, used 8553K [0x00000000c0000000, 0x00000000c3b00000, 0x00000000eab00000)
  object space 60416K, 14% used [0x00000000c0000000,0x00000000c085a478,0x00000000c3b00000)
 Metaspace       used 31450K, capacity 32246K, committed 32640K, reserved 1077248K
  class space    used 4389K, capacity 4669K, committed 4736K, reserved 1048576K
}
Event: 8.091 GC heap before
{Heap before GC invocations=10 (full 1):
 PSYoungGen      total 86016K, used 25059K [0x00000000eab00000, 0x00000000f1e80000, 0x0000000100000000)
  eden space 76288K, 20% used [0x00000000eab00000,0x00000000eb9fe5b8,0x00000000ef580000)
  from space 9728K, 99% used [0x00000000f0080000,0x00000000f09fa7b0,0x00000000f0a00000)
  to   space 11264K, 0% used [0x00000000ef580000,0x00000000ef580000,0x00000000f0080000)
 ParOldGen       total 60416K, used 8553K [0x00000000c0000000, 0x00000000c3b00000, 0x00000000eab00000)
  object space 60416K, 14% used [0x00000000c0000000,0x00000000c085a478,0x00000000c3b00000)
 Metaspace       used 34382K, capacity 35218K, committed 35416K, reserved 1079296K
  class space    used 4787K, capacity 5066K, committed 5120K, reserved 1048576K
Event: 8.101 GC heap after
Heap after GC invocations=10 (full 1):
 PSYoungGen      total 87552K, used 9235K [0x00000000eab00000, 0x00000000f2600000, 0x0000000100000000)
  eden space 76288K, 0% used [0x00000000eab00000,0x00000000eab00000,0x00000000ef580000)
  from space 11264K, 81% used [0x00000000ef580000,0x00000000efe84e50,0x00000000f0080000)
  to   space 11776K, 0% used [0x00000000f1a80000,0x00000000f1a80000,0x00000000f2600000)
 ParOldGen       total 60416K, used 8561K [0x00000000c0000000, 0x00000000c3b00000, 0x00000000eab00000)
  object space 60416K, 14% used [0x00000000c0000000,0x00000000c085c478,0x00000000c3b00000)
 Metaspace       used 34382K, capacity 35218K, committed 35416K, reserved 1079296K
  class space    used 4787K, capacity 5066K, committed 5120K, reserved 1048576K
}
Event: 8.101 GC heap before
{Heap before GC invocations=11 (full 2):
 PSYoungGen      total 87552K, used 9235K [0x00000000eab00000, 0x00000000f2600000, 0x0000000100000000)
  eden space 76288K, 0% used [0x00000000eab00000,0x00000000eab00000,0x00000000ef580000)
  from space 11264K, 81% used [0x00000000ef580000,0x00000000efe84e50,0x00000000f0080000)
  to   space 11776K, 0% used [0x00000000f1a80000,0x00000000f1a80000,0x00000000f2600000)
 ParOldGen       total 60416K, used 8561K [0x00000000c0000000, 0x00000000c3b00000, 0x00000000eab00000)
  object space 60416K, 14% used [0x00000000c0000000,0x00000000c085c478,0x00000000c3b00000)
 Metaspace       used 34382K, capacity 35218K, committed 35416K, reserved 1079296K
  class space    used 4787K, capacity 5066K, committed 5120K, reserved 1048576K
Event: 8.193 GC heap after
Heap after GC invocations=11 (full 2):
 PSYoungGen      total 87552K, used 0K [0x00000000eab00000, 0x00000000f2600000, 0x0000000100000000)
  eden space 76288K, 0% used [0x00000000eab00000,0x00000000eab00000,0x00000000ef580000)
  from space 11264K, 0% used [0x00000000ef580000,0x00000000ef580000,0x00000000f0080000)
  to   space 11776K, 0% used [0x00000000f1a80000,0x00000000f1a80000,0x00000000f2600000)
 ParOldGen       total 94720K, used 15677K [0x00000000c0000000, 0x00000000c5c80000, 0x00000000eab00000)
  object space 94720K, 16% used [0x00000000c0000000,0x00000000c0f4f7a8,0x00000000c5c80000)
 Metaspace       used 34382K, capacity 35218K, committed 35416K, reserved 1079296K
  class space    used 4787K, capacity 5066K, committed 5120K, reserved 1048576K
}
Event: 10.047 GC heap before
{Heap before GC invocations=12 (full 2):
 PSYoungGen      total 87552K, used 76288K [0x00000000eab00000, 0x00000000f2600000, 0x0000000100000000)
  eden space 76288K, 100% used [0x00000000eab00000,0x00000000ef580000,0x00000000ef580000)
  from space 11264K, 0% used [0x00000000ef580000,0x00000000ef580000,0x00000000f0080000)
  to   space 11776K, 0% used [0x00000000f1a80000,0x00000000f1a80000,0x00000000f2600000)
 ParOldGen       total 94720K, used 15677K [0x00000000c0000000, 0x00000000c5c80000, 0x00000000eab00000)
  object space 94720K, 16% used [0x00000000c0000000,0x00000000c0f4f7a8,0x00000000c5c80000)
 Metaspace       used 39579K, capacity 40472K, committed 40832K, reserved 1085440K
  class space    used 5383K, capacity 5675K, committed 5760K, reserved 1048576K
Event: 10.058 GC heap after
Heap after GC invocations=12 (full 2):
 PSYoungGen      total 103936K, used 7973K [0x00000000eab00000, 0x00000000f2280000, 0x0000000100000000)
  eden space 95744K, 0% used [0x00000000eab00000,0x00000000eab00000,0x00000000f0880000)
  from space 8192K, 97% used [0x00000000f1a80000,0x00000000f22494a0,0x00000000f2280000)
  to   space 11776K, 0% used [0x00000000f0b80000,0x00000000f0b80000,0x00000000f1700000)
 ParOldGen       total 94720K, used 15677K [0x00000000c0000000, 0x00000000c5c80000, 0x00000000eab00000)
  object space 94720K, 16% used [0x00000000c0000000,0x00000000c0f4f7a8,0x00000000c5c80000)
 Metaspace       used 39579K, capacity 40472K, committed 40832K, reserved 1085440K
  class space    used 5383K, capacity 5675K, committed 5760K, reserved 1048576K
}

