# JRE version: Java(TM) SE Runtime Environment (8.0_112-b15) (build 1.8.0_112-b15)
# Java VM: Java HotSpot(TM) 64-Bit Server VM (25.112-b15 mixed mode windows-amd64 compressed oops)
Heap:
 PSYoungGen      total 161280K, used 52387K [0x00000000eab00000, 0x00000000f9780000, 0x0000000100000000)
  eden space 148480K, 35% used [0x00000000eab00000,0x00000000ede28c70,0x00000000f3c00000)
  from space 12800K, 0% used [0x00000000f4800000,0x00000000f4800000,0x00000000f5480000)
  to   space 12288K, 0% used [0x00000000f3c00000,0x00000000f3c00000,0x00000000f4800000)
 ParOldGen       total 84480K, used 15012K [0x00000000c0000000, 0x00000000c5280000, 0x00000000eab00000)
  object space 84480K, 17% used [0x00000000c0000000,0x00000000c0ea93e8,0x00000000c5280000)
 Metaspace       used 37265K, capacity 38068K, committed 38320K, reserved 1081344K
  class space    used 5219K, capacity 5461K, committed 5552K, reserved 1048576K
GC Heap History (10 events):
Event: 4.700 GC heap before
{Heap before GC invocations=6 (full 1):
 PSYoungGen      total 67072K, used 5088K [0x00000000eab00000, 0x00000000f3700000, 0x0000000100000000)
  eden space 61952K, 0% used [0x00000000eab00000,0x00000000eab00000,0x00000000ee780000)
  from space 5120K, 99% used [0x00000000ee780000,0x00000000eec78050,0x00000000eec80000)
  to   space 9728K, 0% used [0x00000000f2d80000,0x00000000f2d80000,0x00000000f3700000)
 ParOldGen       total 87552K, used 8102K [0x00000000c0000000, 0x00000000c5580000, 0x00000000eab00000)
  object space 87552K, 9% used [0x00000000c0000000,0x00000000c07e9ae0,0x00000000c5580000)
 Metaspace       used 20900K, capacity 21232K, committed 21296K, reserved 1067008K
  class space    used 2972K, capacity 3110K, committed 3120K, reserved 1048576K
Event: 4.747 GC heap after
Heap after GC invocations=6 (full 1):
 PSYoungGen      total 67072K, used 0K [0x00000000eab00000, 0x00000000f3700000, 0x0000000100000000)
  eden space 61952K, 0% used [0x00000000eab00000,0x00000000eab00000,0x00000000ee780000)
  from space 5120K, 0% used [0x00000000ee780000,0x00000000ee780000,0x00000000eec80000)
  to   space 9728K, 0% used [0x00000000f2d80000,0x00000000f2d80000,0x00000000f3700000)
 ParOldGen       total 59392K, used 7885K [0x00000000c0000000, 0x00000000c3a00000, 0x00000000eab00000)
  object space 59392K, 13% used [0x00000000c0000000,0x00000000c07b3500,0x00000000c3a00000)
 Metaspace       used 20900K, capacity 21232K, committed 21296K, reserved 1067008K
  class space    used 2972K, capacity 3110K, committed 3120K, reserved 1048576K
}
Event: 6.128 GC heap before
{Heap before GC invocations=7 (full 1):
 PSYoungGen      total 67072K, used 61952K [0x00000000eab00000, 0x00000000f3700000, 0x0000000100000000)
  eden space 61952K, 100% used [0x00000000eab00000,0x00000000ee780000,0x00000000ee780000)
  from space 5120K, 0% used [0x00000000ee780000,0x00000000ee780000,0x00000000eec80000)
  to   space 9728K, 0% used [0x00000000f2d80000,0x00000000f2d80000,0x00000000f3700000)
 ParOldGen       total 59392K, used 7885K [0x00000000c0000000, 0x00000000c3a00000, 0x00000000eab00000)
  object space 59392K, 13% used [0x00000000c0000000,0x00000000c07b3500,0x00000000c3a00000)
 Metaspace       used 26139K, capacity 26524K, committed 26672K, reserved 1073152K
  class space    used 3662K, capacity 3803K, committed 3888K, reserved 1048576K
Event: 6.138 GC heap after
Heap after GC invocations=7 (full 1):
 PSYoungGen      total 103424K, used 7038K [0x00000000eab00000, 0x00000000f3480000, 0x0000000100000000)
  eden space 96256K, 0% used [0x00000000eab00000,0x00000000eab00000,0x00000000f0900000)
  from space 7168K, 98% used [0x00000000f2d80000,0x00000000f345f9f0,0x00000000f3480000)
  to   space 9728K, 0% used [0x00000000f2180000,0x00000000f2180000,0x00000000f2b00000)
 ParOldGen       total 59392K, used 7893K [0x00000000c0000000, 0x00000000c3a00000, 0x00000000eab00000)
  object space 59392K, 13% used [0x00000000c0000000,0x00000000c07b5500,0x00000000c3a00000)
 Metaspace       used 26139K, capacity 26524K, committed 26672K, reserved 1073152K
  class space    used 3662K, capacity 3803K, committed 3888K, reserved 1048576K
}
Event: 7.922 GC heap before
{Heap before GC invocations=8 (full 1):
 PSYoungGen      total 103424K, used 103294K [0x00000000eab00000, 0x00000000f3480000, 0x0000000100000000)
  eden space 96256K, 100% used [0x00000000eab00000,0x00000000f0900000,0x00000000f0900000)
  from space 7168K, 98% used [0x00000000f2d80000,0x00000000f345f9f0,0x00000000f3480000)
  to   space 9728K, 0% used [0x00000000f2180000,0x00000000f2180000,0x00000000f2b00000)
 ParOldGen       total 59392K, used 7893K [0x00000000c0000000, 0x00000000c3a00000, 0x00000000eab00000)
  object space 59392K, 13% used [0x00000000c0000000,0x00000000c07b5500,0x00000000c3a00000)
 Metaspace       used 33801K, capacity 34516K, committed 34864K, reserved 1079296K
  class space    used 4815K, capacity 5065K, committed 5168K, reserved 1048576K
Event: 7.938 GC heap after
Heap after GC invocations=8 (full 1):
 PSYoungGen      total 131072K, used 9698K [0x00000000eab00000, 0x00000000f5480000, 0x0000000100000000)
  eden space 121344K, 0% used [0x00000000eab00000,0x00000000eab00000,0x00000000f2180000)
  from space 9728K, 99% used [0x00000000f2180000,0x00000000f2af8bb0,0x00000000f2b00000)
  to   space 12800K, 0% used [0x00000000f4800000,0x00000000f4800000,0x00000000f5480000)
 ParOldGen       total 59392K, used 11315K [0x00000000c0000000, 0x00000000c3a00000, 0x00000000eab00000)
  object space 59392K, 19% used [0x00000000c0000000,0x00000000c0b0cd58,0x00000000c3a00000)
 Metaspace       used 33801K, capacity 34516K, committed 34864K, reserved 1079296K
  class space    used 4815K, capacity 5065K, committed 5168K, reserved 1048576K
}
Event: 8.013 GC heap before
{Heap before GC invocations=9 (full 1):
 PSYoungGen      total 131072K, used 16139K [0x00000000eab00000, 0x00000000f5480000, 0x0000000100000000)
  eden space 121344K, 5% used [0x00000000eab00000,0x00000000eb14a2c8,0x00000000f2180000)
  from space 9728K, 99% used [0x00000000f2180000,0x00000000f2af8bb0,0x00000000f2b00000)
  to   space 12800K, 0% used [0x00000000f4800000,0x00000000f4800000,0x00000000f5480000)
 ParOldGen       total 59392K, used 11315K [0x00000000c0000000, 0x00000000c3a00000, 0x00000000eab00000)
  object space 59392K, 19% used [0x00000000c0000000,0x00000000c0b0cd58,0x00000000c3a00000)
 Metaspace       used 34711K, capacity 35394K, committed 35496K, reserved 1079296K
  class space    used 4903K, capacity 5168K, committed 5168K, reserved 1048576K
Event: 8.023 GC heap after
Heap after GC invocations=9 (full 1):
 PSYoungGen      total 161280K, used 8326K [0x00000000eab00000, 0x00000000f9780000, 0x0000000100000000)
  eden space 148480K, 0% used [0x00000000eab00000,0x00000000eab00000,0x00000000f3c00000)
  from space 12800K, 65% used [0x00000000f4800000,0x00000000f50218a8,0x00000000f5480000)
  to   space 12288K, 0% used [0x00000000f3c00000,0x00000000f3c00000,0x00000000f4800000)
 ParOldGen       total 59392K, used 11323K [0x00000000c0000000, 0x00000000c3a00000, 0x00000000eab00000)
  object space 59392K, 19% used [0x00000000c0000000,0x00000000c0b0ed58,0x00000000c3a00000)
 Metaspace       used 34711K, capacity 35394K, committed 35496K, reserved 1079296K
  class space    used 4903K, capacity 5168K, committed 5168K, reserved 1048576K
}
Event: 8.023 GC heap before
{Heap before GC invocations=10 (full 2):
 PSYoungGen      total 161280K, used 8326K [0x00000000eab00000, 0x00000000f9780000, 0x0000000100000000)
  eden space 148480K, 0% used [0x00000000eab00000,0x00000000eab00000,0x00000000f3c00000)
  from space 12800K, 65% used [0x00000000f4800000,0x00000000f50218a8,0x00000000f5480000)
  to   space 12288K, 0% used [0x00000000f3c00000,0x00000000f3c00000,0x00000000f4800000)
 ParOldGen       total 59392K, used 11323K [0x00000000c0000000, 0x00000000c3a00000, 0x00000000eab00000)
  object space 59392K, 19% used [0x00000000c0000000,0x00000000c0b0ed58,0x00000000c3a00000)
 Metaspace       used 34711K, capacity 35394K, committed 35496K, reserved 1079296K
  class space    used 4903K, capacity 5168K, committed 5168K, reserved 1048576K
Event: 8.136 GC heap after
Heap after GC invocations=10 (full 2):
 PSYoungGen      total 161280K, used 0K [0x00000000eab00000, 0x00000000f9780000, 0x0000000100000000)
  eden space 148480K, 0% used [0x00000000eab00000,0x00000000eab00000,0x00000000f3c00000)
  from space 12800K, 0% used [0x00000000f4800000,0x00000000f4800000,0x00000000f5480000)
  to   space 12288K, 0% used [0x00000000f3c00000,0x00000000f3c00000,0x00000000f4800000)
 ParOldGen       total 84480K, used 15012K [0x00000000c0000000, 0x00000000c5280000, 0x00000000eab00000)
  object space 84480K, 17% used [0x00000000c0000000,0x00000000c0ea93e8,0x00000000c5280000)
 Metaspace       used 34711K, capacity 35394K, committed 35496K, reserved 1079296K
  class space    used 4903K, capacity 5168K, committed 5168K, reserved 1048576K
}

