# JRE version: OpenJDK Runtime Environment (8.0_152-b02) (build 1.8.0_152-release-1024-b02)
# Java VM: OpenJDK 64-Bit Server VM (25.152-b02 mixed mode windows-amd64 compressed oops)
Heap:
 PSYoungGen      total 166912K, used 124247K [0x00000000eab00000, 0x00000000fae80000, 0x0000000100000000)
  eden space 153600K, 72% used [0x00000000eab00000,0x00000000f1759840,0x00000000f4100000)
  from space 13312K, 99% used [0x00000000f4100000,0x00000000f4dfc6f0,0x00000000f4e00000)
  to   space 16384K, 0% used [0x00000000f9e80000,0x00000000f9e80000,0x00000000fae80000)
 ParOldGen       total 74752K, used 18956K [0x00000000c0000000, 0x00000000c4900000, 0x00000000eab00000)
  object space 74752K, 25% used [0x00000000c0000000,0x00000000c12833a8,0x00000000c4900000)
 Metaspace       used 51732K, capacity 53634K, committed 53760K, reserved 1095680K
  class space    used 7102K, capacity 7599K, committed 7680K, reserved 1048576K
GC Heap History (10 events):
Event: 5.586 GC heap before
{Heap before GC invocations=7 (full 1):
 PSYoungGen      total 71680K, used 66560K [0x00000000eab00000, 0x00000000f4000000, 0x0000000100000000)
  eden space 66560K, 100% used [0x00000000eab00000,0x00000000eec00000,0x00000000eec00000)
  from space 5120K, 0% used [0x00000000eec00000,0x00000000eec00000,0x00000000ef100000)
  to   space 9728K, 0% used [0x00000000f3680000,0x00000000f3680000,0x00000000f4000000)
 ParOldGen       total 59904K, used 7891K [0x00000000c0000000, 0x00000000c3a80000, 0x00000000eab00000)
  object space 59904K, 13% used [0x00000000c0000000,0x00000000c07b4e60,0x00000000c3a80000)
 Metaspace       used 26107K, capacity 26700K, committed 27008K, reserved 1073152K
  class space    used 3652K, capacity 3845K, committed 3968K, reserved 1048576K
Event: 5.598 GC heap after
Heap after GC invocations=7 (full 1):
 PSYoungGen      total 109568K, used 7072K [0x00000000eab00000, 0x00000000f3d80000, 0x0000000100000000)
  eden space 102400K, 0% used [0x00000000eab00000,0x00000000eab00000,0x00000000f0f00000)
  from space 7168K, 98% used [0x00000000f3680000,0x00000000f3d682a0,0x00000000f3d80000)
  to   space 9728K, 0% used [0x00000000f2a80000,0x00000000f2a80000,0x00000000f3400000)
 ParOldGen       total 59904K, used 7899K [0x00000000c0000000, 0x00000000c3a80000, 0x00000000eab00000)
  object space 59904K, 13% used [0x00000000c0000000,0x00000000c07b6e60,0x00000000c3a80000)
 Metaspace       used 26107K, capacity 26700K, committed 27008K, reserved 1073152K
  class space    used 3652K, capacity 3845K, committed 3968K, reserved 1048576K
}
Event: 7.861 GC heap before
{Heap before GC invocations=8 (full 1):
 PSYoungGen      total 109568K, used 109472K [0x00000000eab00000, 0x00000000f3d80000, 0x0000000100000000)
  eden space 102400K, 100% used [0x00000000eab00000,0x00000000f0f00000,0x00000000f0f00000)
  from space 7168K, 98% used [0x00000000f3680000,0x00000000f3d682a0,0x00000000f3d80000)
  to   space 9728K, 0% used [0x00000000f2a80000,0x00000000f2a80000,0x00000000f3400000)
 ParOldGen       total 59904K, used 7899K [0x00000000c0000000, 0x00000000c3a80000, 0x00000000eab00000)
  object space 59904K, 13% used [0x00000000c0000000,0x00000000c07b6e60,0x00000000c3a80000)
 Metaspace       used 34374K, capacity 35334K, committed 35416K, reserved 1079296K
  class space    used 4812K, capacity 5103K, committed 5120K, reserved 1048576K
Event: 7.878 GC heap after
Heap after GC invocations=8 (full 1):
 PSYoungGen      total 140288K, used 9710K [0x00000000eab00000, 0x00000000f5b00000, 0x0000000100000000)
  eden space 130560K, 0% used [0x00000000eab00000,0x00000000eab00000,0x00000000f2a80000)
  from space 9728K, 99% used [0x00000000f2a80000,0x00000000f33fb9a8,0x00000000f3400000)
  to   space 13312K, 0% used [0x00000000f4e00000,0x00000000f4e00000,0x00000000f5b00000)
 ParOldGen       total 59904K, used 12769K [0x00000000c0000000, 0x00000000c3a80000, 0x00000000eab00000)
  object space 59904K, 21% used [0x00000000c0000000,0x00000000c0c787d0,0x00000000c3a80000)
 Metaspace       used 34374K, capacity 35334K, committed 35416K, reserved 1079296K
  class space    used 4812K, capacity 5103K, committed 5120K, reserved 1048576K
}
Event: 7.886 GC heap before
{Heap before GC invocations=9 (full 1):
 PSYoungGen      total 140288K, used 12112K [0x00000000eab00000, 0x00000000f5b00000, 0x0000000100000000)
  eden space 130560K, 1% used [0x00000000eab00000,0x00000000ead587f0,0x00000000f2a80000)
  from space 9728K, 99% used [0x00000000f2a80000,0x00000000f33fb9a8,0x00000000f3400000)
  to   space 13312K, 0% used [0x00000000f4e00000,0x00000000f4e00000,0x00000000f5b00000)
 ParOldGen       total 59904K, used 12769K [0x00000000c0000000, 0x00000000c3a80000, 0x00000000eab00000)
  object space 59904K, 21% used [0x00000000c0000000,0x00000000c0c787d0,0x00000000c3a80000)
 Metaspace       used 34414K, capacity 35334K, committed 35416K, reserved 1079296K
  class space    used 4814K, capacity 5103K, committed 5120K, reserved 1048576K
Event: 7.896 GC heap after
Heap after GC invocations=9 (full 1):
 PSYoungGen      total 166912K, used 9136K [0x00000000eab00000, 0x00000000fb980000, 0x0000000100000000)
  eden space 153600K, 0% used [0x00000000eab00000,0x00000000eab00000,0x00000000f4100000)
  from space 13312K, 68% used [0x00000000f4e00000,0x00000000f56ec010,0x00000000f5b00000)
  to   space 13312K, 0% used [0x00000000f4100000,0x00000000f4100000,0x00000000f4e00000)
 ParOldGen       total 59904K, used 12777K [0x00000000c0000000, 0x00000000c3a80000, 0x00000000eab00000)
  object space 59904K, 21% used [0x00000000c0000000,0x00000000c0c7a7d0,0x00000000c3a80000)
 Metaspace       used 34414K, capacity 35334K, committed 35416K, reserved 1079296K
  class space    used 4814K, capacity 5103K, committed 5120K, reserved 1048576K
}
Event: 7.896 GC heap before
{Heap before GC invocations=10 (full 2):
 PSYoungGen      total 166912K, used 9136K [0x00000000eab00000, 0x00000000fb980000, 0x0000000100000000)
  eden space 153600K, 0% used [0x00000000eab00000,0x00000000eab00000,0x00000000f4100000)
  from space 13312K, 68% used [0x00000000f4e00000,0x00000000f56ec010,0x00000000f5b00000)
  to   space 13312K, 0% used [0x00000000f4100000,0x00000000f4100000,0x00000000f4e00000)
 ParOldGen       total 59904K, used 12777K [0x00000000c0000000, 0x00000000c3a80000, 0x00000000eab00000)
  object space 59904K, 21% used [0x00000000c0000000,0x00000000c0c7a7d0,0x00000000c3a80000)
 Metaspace       used 34414K, capacity 35334K, committed 35416K, reserved 1079296K
  class space    used 4814K, capacity 5103K, committed 5120K, reserved 1048576K
Event: 7.990 GC heap after
Heap after GC invocations=10 (full 2):
 PSYoungGen      total 166912K, used 0K [0x00000000eab00000, 0x00000000fb980000, 0x0000000100000000)
  eden space 153600K, 0% used [0x00000000eab00000,0x00000000eab00000,0x00000000f4100000)
  from space 13312K, 0% used [0x00000000f4e00000,0x00000000f4e00000,0x00000000f5b00000)
  to   space 13312K, 0% used [0x00000000f4100000,0x00000000f4100000,0x00000000f4e00000)
 ParOldGen       total 74752K, used 15644K [0x00000000c0000000, 0x00000000c4900000, 0x00000000eab00000)
  object space 74752K, 20% used [0x00000000c0000000,0x00000000c0f47210,0x00000000c4900000)
 Metaspace       used 34414K, capacity 35334K, committed 35416K, reserved 1079296K
  class space    used 4814K, capacity 5103K, committed 5120K, reserved 1048576K
}
Event: 10.104 GC heap before
{Heap before GC invocations=11 (full 2):
 PSYoungGen      total 166912K, used 153600K [0x00000000eab00000, 0x00000000fb980000, 0x0000000100000000)
  eden space 153600K, 100% used [0x00000000eab00000,0x00000000f4100000,0x00000000f4100000)
  from space 13312K, 0% used [0x00000000f4e00000,0x00000000f4e00000,0x00000000f5b00000)
  to   space 13312K, 0% used [0x00000000f4100000,0x00000000f4100000,0x00000000f4e00000)
 ParOldGen       total 74752K, used 15644K [0x00000000c0000000, 0x00000000c4900000, 0x00000000eab00000)
  object space 74752K, 20% used [0x00000000c0000000,0x00000000c0f47210,0x00000000c4900000)
 Metaspace       used 44254K, capacity 45516K, committed 45824K, reserved 1089536K
  class space    used 6150K, capacity 6586K, committed 6656K, reserved 1048576K
Event: 10.136 GC heap after
Heap after GC invocations=11 (full 2):
 PSYoungGen      total 166912K, used 13297K [0x00000000eab00000, 0x00000000fae80000, 0x0000000100000000)
  eden space 153600K, 0% used [0x00000000eab00000,0x00000000eab00000,0x00000000f4100000)
  from space 13312K, 99% used [0x00000000f4100000,0x00000000f4dfc6f0,0x00000000f4e00000)
  to   space 16384K, 0% used [0x00000000f9e80000,0x00000000f9e80000,0x00000000fae80000)
 ParOldGen       total 74752K, used 18956K [0x00000000c0000000, 0x00000000c4900000, 0x00000000eab00000)
  object space 74752K, 25% used [0x00000000c0000000,0x00000000c12833a8,0x00000000c4900000)
 Metaspace       used 44254K, capacity 45516K, committed 45824K, reserved 1089536K
  class space    used 6150K, capacity 6586K, committed 6656K, reserved 1048576K
}

