# JRE version: Java(TM) SE Runtime Environment (8.0_112-b15) (build 1.8.0_112-b15)
# Java VM: Java HotSpot(TM) 64-Bit Server VM (25.112-b15 mixed mode windows-amd64 compressed oops)
Heap:
 PSYoungGen      total 93184K, used 56231K [0x00000000eab00000, 0x00000000f2f00000, 0x0000000100000000)
  eden space 81920K, 68% used [0x00000000eab00000,0x00000000ee1e9df0,0x00000000efb00000)
  from space 11264K, 0% used [0x00000000efb00000,0x00000000efb00000,0x00000000f0600000)
  to   space 11264K, 0% used [0x00000000f2400000,0x00000000f2400000,0x00000000f2f00000)
 ParOldGen       total 60928K, used 15779K [0x00000000c0000000, 0x00000000c3b80000, 0x00000000eab00000)
  object space 60928K, 25% used [0x00000000c0000000,0x00000000c0f68f20,0x00000000c3b80000)
 Metaspace       used 37816K, capacity 38620K, committed 38960K, reserved 1083392K
  class space    used 5291K, capacity 5561K, committed 5680K, reserved 1048576K
GC Heap History (10 events):
Event: 4.814 GC heap before
{Heap before GC invocations=7 (full 1):
 PSYoungGen      total 38400K, used 33280K [0x00000000eab00000, 0x00000000f0000000, 0x0000000100000000)
  eden space 33280K, 100% used [0x00000000eab00000,0x00000000ecb80000,0x00000000ecb80000)
  from space 5120K, 0% used [0x00000000ecb80000,0x00000000ecb80000,0x00000000ed080000)
  to   space 10240K, 0% used [0x00000000ef600000,0x00000000ef600000,0x00000000f0000000)
 ParOldGen       total 60928K, used 8467K [0x00000000c0000000, 0x00000000c3b80000, 0x00000000eab00000)
  object space 60928K, 13% used [0x00000000c0000000,0x00000000c0844d08,0x00000000c3b80000)
 Metaspace       used 24226K, capacity 24598K, committed 24880K, reserved 1071104K
  class space    used 3412K, capacity 3530K, committed 3632K, reserved 1048576K
Event: 4.827 GC heap after
Heap after GC invocations=7 (full 1):
 PSYoungGen      total 56320K, used 3954K [0x00000000eab00000, 0x00000000efa00000, 0x0000000100000000)
  eden space 52224K, 0% used [0x00000000eab00000,0x00000000eab00000,0x00000000ede00000)
  from space 4096K, 96% used [0x00000000ef600000,0x00000000ef9dc940,0x00000000efa00000)
  to   space 10240K, 0% used [0x00000000ee600000,0x00000000ee600000,0x00000000ef000000)
 ParOldGen       total 60928K, used 8467K [0x00000000c0000000, 0x00000000c3b80000, 0x00000000eab00000)
  object space 60928K, 13% used [0x00000000c0000000,0x00000000c0844d08,0x00000000c3b80000)
 Metaspace       used 24226K, capacity 24598K, committed 24880K, reserved 1071104K
  class space    used 3412K, capacity 3530K, committed 3632K, reserved 1048576K
}
Event: 5.593 GC heap before
{Heap before GC invocations=8 (full 1):
 PSYoungGen      total 56320K, used 56178K [0x00000000eab00000, 0x00000000efa00000, 0x0000000100000000)
  eden space 52224K, 100% used [0x00000000eab00000,0x00000000ede00000,0x00000000ede00000)
  from space 4096K, 96% used [0x00000000ef600000,0x00000000ef9dc940,0x00000000efa00000)
  to   space 10240K, 0% used [0x00000000ee600000,0x00000000ee600000,0x00000000ef000000)
 ParOldGen       total 60928K, used 8467K [0x00000000c0000000, 0x00000000c3b80000, 0x00000000eab00000)
  object space 60928K, 13% used [0x00000000c0000000,0x00000000c0844d08,0x00000000c3b80000)
 Metaspace       used 27550K, capacity 28048K, committed 28208K, reserved 1073152K
  class space    used 3924K, capacity 4059K, committed 4144K, reserved 1048576K
Event: 5.609 GC heap after
Heap after GC invocations=8 (full 1):
 PSYoungGen      total 70656K, used 6468K [0x00000000eab00000, 0x00000000f0f80000, 0x0000000100000000)
  eden space 60416K, 0% used [0x00000000eab00000,0x00000000eab00000,0x00000000ee600000)
  from space 10240K, 63% used [0x00000000ee600000,0x00000000eec51190,0x00000000ef000000)
  to   space 9728K, 0% used [0x00000000f0600000,0x00000000f0600000,0x00000000f0f80000)
 ParOldGen       total 60928K, used 8467K [0x00000000c0000000, 0x00000000c3b80000, 0x00000000eab00000)
  object space 60928K, 13% used [0x00000000c0000000,0x00000000c0844d08,0x00000000c3b80000)
 Metaspace       used 27550K, capacity 28048K, committed 28208K, reserved 1073152K
  class space    used 3924K, capacity 4059K, committed 4144K, reserved 1048576K
}
Event: 6.662 GC heap before
{Heap before GC invocations=9 (full 1):
 PSYoungGen      total 70656K, used 66884K [0x00000000eab00000, 0x00000000f0f80000, 0x0000000100000000)
  eden space 60416K, 100% used [0x00000000eab00000,0x00000000ee600000,0x00000000ee600000)
  from space 10240K, 63% used [0x00000000ee600000,0x00000000eec51190,0x00000000ef000000)
  to   space 9728K, 0% used [0x00000000f0600000,0x00000000f0600000,0x00000000f0f80000)
 ParOldGen       total 60928K, used 8467K [0x00000000c0000000, 0x00000000c3b80000, 0x00000000eab00000)
  object space 60928K, 13% used [0x00000000c0000000,0x00000000c0844d08,0x00000000c3b80000)
 Metaspace       used 31369K, capacity 32140K, committed 32432K, reserved 1077248K
  class space    used 4456K, capacity 4700K, committed 4784K, reserved 1048576K
Event: 6.675 GC heap after
Heap after GC invocations=9 (full 1):
 PSYoungGen      total 91648K, used 9698K [0x00000000eab00000, 0x00000000f1e00000, 0x0000000100000000)
  eden space 81920K, 0% used [0x00000000eab00000,0x00000000eab00000,0x00000000efb00000)
  from space 9728K, 99% used [0x00000000f0600000,0x00000000f0f78960,0x00000000f0f80000)
  to   space 11264K, 0% used [0x00000000efb00000,0x00000000efb00000,0x00000000f0600000)
 ParOldGen       total 60928K, used 9123K [0x00000000c0000000, 0x00000000c3b80000, 0x00000000eab00000)
  object space 60928K, 14% used [0x00000000c0000000,0x00000000c08e8ee8,0x00000000c3b80000)
 Metaspace       used 31369K, capacity 32140K, committed 32432K, reserved 1077248K
  class space    used 4456K, capacity 4700K, committed 4784K, reserved 1048576K
}
Event: 7.054 GC heap before
{Heap before GC invocations=10 (full 1):
 PSYoungGen      total 91648K, used 24615K [0x00000000eab00000, 0x00000000f1e00000, 0x0000000100000000)
  eden space 81920K, 18% used [0x00000000eab00000,0x00000000eb991690,0x00000000efb00000)
  from space 9728K, 99% used [0x00000000f0600000,0x00000000f0f78960,0x00000000f0f80000)
  to   space 11264K, 0% used [0x00000000efb00000,0x00000000efb00000,0x00000000f0600000)
 ParOldGen       total 60928K, used 9123K [0x00000000c0000000, 0x00000000c3b80000, 0x00000000eab00000)
  object space 60928K, 14% used [0x00000000c0000000,0x00000000c08e8ee8,0x00000000c3b80000)
 Metaspace       used 34565K, capacity 35336K, committed 35496K, reserved 1079296K
  class space    used 4884K, capacity 5129K, committed 5168K, reserved 1048576K
Event: 7.065 GC heap after
Heap after GC invocations=10 (full 1):
 PSYoungGen      total 93184K, used 7558K [0x00000000eab00000, 0x00000000f2f00000, 0x0000000100000000)
  eden space 81920K, 0% used [0x00000000eab00000,0x00000000eab00000,0x00000000efb00000)
  from space 11264K, 67% used [0x00000000efb00000,0x00000000f0261be8,0x00000000f0600000)
  to   space 11264K, 0% used [0x00000000f2400000,0x00000000f2400000,0x00000000f2f00000)
 ParOldGen       total 60928K, used 10575K [0x00000000c0000000, 0x00000000c3b80000, 0x00000000eab00000)
  object space 60928K, 17% used [0x00000000c0000000,0x00000000c0a53f58,0x00000000c3b80000)
 Metaspace       used 34565K, capacity 35336K, committed 35496K, reserved 1079296K
  class space    used 4884K, capacity 5129K, committed 5168K, reserved 1048576K
}
Event: 7.065 GC heap before
{Heap before GC invocations=11 (full 2):
 PSYoungGen      total 93184K, used 7558K [0x00000000eab00000, 0x00000000f2f00000, 0x0000000100000000)
  eden space 81920K, 0% used [0x00000000eab00000,0x00000000eab00000,0x00000000efb00000)
  from space 11264K, 67% used [0x00000000efb00000,0x00000000f0261be8,0x00000000f0600000)
  to   space 11264K, 0% used [0x00000000f2400000,0x00000000f2400000,0x00000000f2f00000)
 ParOldGen       total 60928K, used 10575K [0x00000000c0000000, 0x00000000c3b80000, 0x00000000eab00000)
  object space 60928K, 17% used [0x00000000c0000000,0x00000000c0a53f58,0x00000000c3b80000)
 Metaspace       used 34565K, capacity 35336K, committed 35496K, reserved 1079296K
  class space    used 4884K, capacity 5129K, committed 5168K, reserved 1048576K
Event: 7.181 GC heap after
Heap after GC invocations=11 (full 2):
 PSYoungGen      total 93184K, used 0K [0x00000000eab00000, 0x00000000f2f00000, 0x0000000100000000)
  eden space 81920K, 0% used [0x00000000eab00000,0x00000000eab00000,0x00000000efb00000)
  from space 11264K, 0% used [0x00000000efb00000,0x00000000efb00000,0x00000000f0600000)
  to   space 11264K, 0% used [0x00000000f2400000,0x00000000f2400000,0x00000000f2f00000)
 ParOldGen       total 60928K, used 15779K [0x00000000c0000000, 0x00000000c3b80000, 0x00000000eab00000)
  object space 60928K, 25% used [0x00000000c0000000,0x00000000c0f68f20,0x00000000c3b80000)
 Metaspace       used 34565K, capacity 35336K, committed 35496K, reserved 1079296K
  class space    used 4884K, capacity 5129K, committed 5168K, reserved 1048576K
}

