# JRE version: OpenJDK Runtime Environment (8.0_152-b02) (build 1.8.0_152-release-1024-b02)
# Java VM: OpenJDK 64-Bit Server VM (25.152-b02 mixed mode windows-amd64 compressed oops)
Heap:
 PSYoungGen      total 177152K, used 98669K [0x00000000eab00000, 0x00000000f6680000, 0x0000000100000000)
  eden space 162304K, 51% used [0x00000000eab00000,0x00000000efcdf6d8,0x00000000f4980000)
  from space 14848K, 99% used [0x00000000f4980000,0x00000000f57fbf40,0x00000000f5800000)
  to   space 10752K, 0% used [0x00000000f5c00000,0x00000000f5c00000,0x00000000f6680000)
 ParOldGen       total 126976K, used 20695K [0x00000000c0000000, 0x00000000c7c00000, 0x00000000eab00000)
  object space 126976K, 16% used [0x00000000c0000000,0x00000000c1435f48,0x00000000c7c00000)
 Metaspace       used 51038K, capacity 52874K, committed 53120K, reserved 1095680K
  class space    used 6986K, capacity 7479K, committed 7552K, reserved 1048576K
GC Heap History (10 events):
Event: 4.322 GC heap before
{Heap before GC invocations=5 (full 1):
 PSYoungGen      total 138240K, used 5088K [0x00000000eab00000, 0x00000000f3700000, 0x0000000100000000)
  eden space 133120K, 0% used [0x00000000eab00000,0x00000000eab00000,0x00000000f2d00000)
  from space 5120K, 99% used [0x00000000f3200000,0x00000000f36f8030,0x00000000f3700000)
  to   space 5120K, 0% used [0x00000000f2d00000,0x00000000f2d00000,0x00000000f3200000)
 ParOldGen       total 87552K, used 8898K [0x00000000c0000000, 0x00000000c5580000, 0x00000000eab00000)
  object space 87552K, 10% used [0x00000000c0000000,0x00000000c08b0998,0x00000000c5580000)
 Metaspace       used 20792K, capacity 21204K, committed 21248K, reserved 1067008K
  class space    used 2908K, capacity 3043K, committed 3072K, reserved 1048576K
Event: 4.555 GC heap after
Heap after GC invocations=5 (full 1):
 PSYoungGen      total 138240K, used 0K [0x00000000eab00000, 0x00000000f3700000, 0x0000000100000000)
  eden space 133120K, 0% used [0x00000000eab00000,0x00000000eab00000,0x00000000f2d00000)
  from space 5120K, 0% used [0x00000000f3200000,0x00000000f3200000,0x00000000f3700000)
  to   space 5120K, 0% used [0x00000000f2d00000,0x00000000f2d00000,0x00000000f3200000)
 ParOldGen       total 71680K, used 8120K [0x00000000c0000000, 0x00000000c4600000, 0x00000000eab00000)
  object space 71680K, 11% used [0x00000000c0000000,0x00000000c07ee038,0x00000000c4600000)
 Metaspace       used 20792K, capacity 21204K, committed 21248K, reserved 1067008K
  class space    used 2908K, capacity 3043K, committed 3072K, reserved 1048576K
}
Event: 6.913 GC heap before
{Heap before GC invocations=6 (full 1):
 PSYoungGen      total 138240K, used 133120K [0x00000000eab00000, 0x00000000f3700000, 0x0000000100000000)
  eden space 133120K, 100% used [0x00000000eab00000,0x00000000f2d00000,0x00000000f2d00000)
  from space 5120K, 0% used [0x00000000f3200000,0x00000000f3200000,0x00000000f3700000)
  to   space 5120K, 0% used [0x00000000f2d00000,0x00000000f2d00000,0x00000000f3200000)
 ParOldGen       total 71680K, used 8120K [0x00000000c0000000, 0x00000000c4600000, 0x00000000eab00000)
  object space 71680K, 11% used [0x00000000c0000000,0x00000000c07ee038,0x00000000c4600000)
 Metaspace       used 30202K, capacity 30996K, committed 31232K, reserved 1075200K
  class space    used 4247K, capacity 4485K, committed 4608K, reserved 1048576K
Event: 6.932 GC heap after
Heap after GC invocations=6 (full 1):
 PSYoungGen      total 138240K, used 5120K [0x00000000eab00000, 0x00000000f6b00000, 0x0000000100000000)
  eden space 133120K, 0% used [0x00000000eab00000,0x00000000eab00000,0x00000000f2d00000)
  from space 5120K, 100% used [0x00000000f2d00000,0x00000000f3200000,0x00000000f3200000)
  to   space 15360K, 0% used [0x00000000f5c00000,0x00000000f5c00000,0x00000000f6b00000)
 ParOldGen       total 71680K, used 16995K [0x00000000c0000000, 0x00000000c4600000, 0x00000000eab00000)
  object space 71680K, 23% used [0x00000000c0000000,0x00000000c1098d28,0x00000000c4600000)
 Metaspace       used 30202K, capacity 30996K, committed 31232K, reserved 1075200K
  class space    used 4247K, capacity 4485K, committed 4608K, reserved 1048576K
}
Event: 8.166 GC heap before
{Heap before GC invocations=7 (full 1):
 PSYoungGen      total 138240K, used 45645K [0x00000000eab00000, 0x00000000f6b00000, 0x0000000100000000)
  eden space 133120K, 30% used [0x00000000eab00000,0x00000000ed2936b0,0x00000000f2d00000)
  from space 5120K, 100% used [0x00000000f2d00000,0x00000000f3200000,0x00000000f3200000)
  to   space 15360K, 0% used [0x00000000f5c00000,0x00000000f5c00000,0x00000000f6b00000)
 ParOldGen       total 71680K, used 16995K [0x00000000c0000000, 0x00000000c4600000, 0x00000000eab00000)
  object space 71680K, 23% used [0x00000000c0000000,0x00000000c1098d28,0x00000000c4600000)
 Metaspace       used 34404K, capacity 35334K, committed 35416K, reserved 1079296K
  class space    used 4808K, capacity 5103K, committed 5120K, reserved 1048576K
Event: 8.175 GC heap after
Heap after GC invocations=7 (full 1):
 PSYoungGen      total 173056K, used 9689K [0x00000000eab00000, 0x00000000f6680000, 0x0000000100000000)
  eden space 162304K, 0% used [0x00000000eab00000,0x00000000eab00000,0x00000000f4980000)
  from space 10752K, 90% used [0x00000000f5c00000,0x00000000f65766c0,0x00000000f6680000)
  to   space 14848K, 0% used [0x00000000f4980000,0x00000000f4980000,0x00000000f5800000)
 ParOldGen       total 71680K, used 17003K [0x00000000c0000000, 0x00000000c4600000, 0x00000000eab00000)
  object space 71680K, 23% used [0x00000000c0000000,0x00000000c109ad28,0x00000000c4600000)
 Metaspace       used 34404K, capacity 35334K, committed 35416K, reserved 1079296K
  class space    used 4808K, capacity 5103K, committed 5120K, reserved 1048576K
}
Event: 8.175 GC heap before
{Heap before GC invocations=8 (full 2):
 PSYoungGen      total 173056K, used 9689K [0x00000000eab00000, 0x00000000f6680000, 0x0000000100000000)
  eden space 162304K, 0% used [0x00000000eab00000,0x00000000eab00000,0x00000000f4980000)
  from space 10752K, 90% used [0x00000000f5c00000,0x00000000f65766c0,0x00000000f6680000)
  to   space 14848K, 0% used [0x00000000f4980000,0x00000000f4980000,0x00000000f5800000)
 ParOldGen       total 71680K, used 17003K [0x00000000c0000000, 0x00000000c4600000, 0x00000000eab00000)
  object space 71680K, 23% used [0x00000000c0000000,0x00000000c109ad28,0x00000000c4600000)
 Metaspace       used 34404K, capacity 35334K, committed 35416K, reserved 1079296K
  class space    used 4808K, capacity 5103K, committed 5120K, reserved 1048576K
Event: 8.261 GC heap after
Heap after GC invocations=8 (full 2):
 PSYoungGen      total 173056K, used 0K [0x00000000eab00000, 0x00000000f6680000, 0x0000000100000000)
  eden space 162304K, 0% used [0x00000000eab00000,0x00000000eab00000,0x00000000f4980000)
  from space 10752K, 0% used [0x00000000f5c00000,0x00000000f5c00000,0x00000000f6680000)
  to   space 14848K, 0% used [0x00000000f4980000,0x00000000f4980000,0x00000000f5800000)
 ParOldGen       total 126976K, used 17765K [0x00000000c0000000, 0x00000000c7c00000, 0x00000000eab00000)
  object space 126976K, 13% used [0x00000000c0000000,0x00000000c11594c8,0x00000000c7c00000)
 Metaspace       used 34404K, capacity 35334K, committed 35416K, reserved 1079296K
  class space    used 4808K, capacity 5103K, committed 5120K, reserved 1048576K
}
Event: 11.264 GC heap before
{Heap before GC invocations=9 (full 2):
 PSYoungGen      total 173056K, used 162304K [0x00000000eab00000, 0x00000000f6680000, 0x0000000100000000)
  eden space 162304K, 100% used [0x00000000eab00000,0x00000000f4980000,0x00000000f4980000)
  from space 10752K, 0% used [0x00000000f5c00000,0x00000000f5c00000,0x00000000f6680000)
  to   space 14848K, 0% used [0x00000000f4980000,0x00000000f4980000,0x00000000f5800000)
 ParOldGen       total 126976K, used 17765K [0x00000000c0000000, 0x00000000c7c00000, 0x00000000eab00000)
  object space 126976K, 13% used [0x00000000c0000000,0x00000000c11594c8,0x00000000c7c00000)
 Metaspace       used 47208K, capacity 48566K, committed 48896K, reserved 1091584K
  class space    used 6460K, capacity 6877K, committed 6912K, reserved 1048576K
Event: 11.285 GC heap after
Heap after GC invocations=9 (full 2):
 PSYoungGen      total 177152K, used 14831K [0x00000000eab00000, 0x00000000f6680000, 0x0000000100000000)
  eden space 162304K, 0% used [0x00000000eab00000,0x00000000eab00000,0x00000000f4980000)
  from space 14848K, 99% used [0x00000000f4980000,0x00000000f57fbf40,0x00000000f5800000)
  to   space 10752K, 0% used [0x00000000f5c00000,0x00000000f5c00000,0x00000000f6680000)
 ParOldGen       total 126976K, used 20695K [0x00000000c0000000, 0x00000000c7c00000, 0x00000000eab00000)
  object space 126976K, 16% used [0x00000000c0000000,0x00000000c1435f48,0x00000000c7c00000)
 Metaspace       used 47208K, capacity 48566K, committed 48896K, reserved 1091584K
  class space    used 6460K, capacity 6877K, committed 6912K, reserved 1048576K
}

