# JRE version: Java(TM) SE Runtime Environment (8.0_112-b15) (build 1.8.0_112-b15)
# Java VM: Java HotSpot(TM) 64-Bit Server VM (25.112-b15 mixed mode windows-amd64 compressed oops)
Heap:
 PSYoungGen      total 155648K, used 12253K [0x00000000eab00000, 0x00000000f7d80000, 0x0000000100000000)
  eden space 147456K, 3% used [0x00000000eab00000,0x00000000eaf536d0,0x00000000f3b00000)
  from space 8192K, 95% used [0x00000000f6c80000,0x00000000f7424040,0x00000000f7480000)
  to   space 9216K, 0% used [0x00000000f7480000,0x00000000f7480000,0x00000000f7d80000)
 ParOldGen       total 137728K, used 41946K [0x00000000c0000000, 0x00000000c8680000, 0x00000000eab00000)
  object space 137728K, 30% used [0x00000000c0000000,0x00000000c28f6930,0x00000000c8680000)
 Metaspace       used 63623K, capacity 66532K, committed 66712K, reserved 1107968K
  class space    used 8493K, capacity 9125K, committed 9136K, reserved 1048576K
GC Heap History (10 events):
Event: 22.421 GC heap before
{Heap before GC invocations=14 (full 2):
 PSYoungGen      total 134144K, used 131238K [0x00000000eab00000, 0x00000000f5c80000, 0x0000000100000000)
  eden space 122368K, 99% used [0x00000000eab00000,0x00000000f227faa8,0x00000000f2280000)
  from space 11776K, 75% used [0x00000000f2280000,0x00000000f2b29e68,0x00000000f2e00000)
  to   space 11776K, 0% used [0x00000000f5100000,0x00000000f5100000,0x00000000f5c80000)
 ParOldGen       total 82432K, used 21668K [0x00000000c0000000, 0x00000000c5080000, 0x00000000eab00000)
  object space 82432K, 26% used [0x00000000c0000000,0x00000000c1529048,0x00000000c5080000)
 Metaspace       used 51368K, capacity 53140K, committed 53296K, reserved 1095680K
  class space    used 7164K, capacity 7609K, committed 7728K, reserved 1048576K
Event: 22.436 GC heap after
Heap after GC invocations=14 (full 2):
 PSYoungGen      total 168448K, used 11623K [0x00000000eab00000, 0x00000000f6200000, 0x0000000100000000)
  eden space 156672K, 0% used [0x00000000eab00000,0x00000000eab00000,0x00000000f4400000)
  from space 11776K, 98% used [0x00000000f5100000,0x00000000f5c59e78,0x00000000f5c80000)
  to   space 13312K, 0% used [0x00000000f4400000,0x00000000f4400000,0x00000000f5100000)
 ParOldGen       total 82432K, used 25797K [0x00000000c0000000, 0x00000000c5080000, 0x00000000eab00000)
  object space 82432K, 31% used [0x00000000c0000000,0x00000000c19317d0,0x00000000c5080000)
 Metaspace       used 51368K, capacity 53140K, committed 53296K, reserved 1095680K
  class space    used 7164K, capacity 7609K, committed 7728K, reserved 1048576K
}
Event: 27.230 GC heap before
{Heap before GC invocations=15 (full 2):
 PSYoungGen      total 168448K, used 90810K [0x00000000eab00000, 0x00000000f6200000, 0x0000000100000000)
  eden space 156672K, 50% used [0x00000000eab00000,0x00000000ef854a00,0x00000000f4400000)
  from space 11776K, 98% used [0x00000000f5100000,0x00000000f5c59e78,0x00000000f5c80000)
  to   space 13312K, 0% used [0x00000000f4400000,0x00000000f4400000,0x00000000f5100000)
 ParOldGen       total 82432K, used 25797K [0x00000000c0000000, 0x00000000c5080000, 0x00000000eab00000)
  object space 82432K, 31% used [0x00000000c0000000,0x00000000c19317d0,0x00000000c5080000)
 Metaspace       used 57066K, capacity 58990K, committed 59160K, reserved 1099776K
  class space    used 7943K, capacity 8418K, committed 8496K, reserved 1048576K
Event: 27.250 GC heap after
Heap after GC invocations=15 (full 2):
 PSYoungGen      total 169984K, used 11200K [0x00000000eab00000, 0x00000000f8a80000, 0x0000000100000000)
  eden space 156672K, 0% used [0x00000000eab00000,0x00000000eab00000,0x00000000f4400000)
  from space 13312K, 84% used [0x00000000f4400000,0x00000000f4ef0180,0x00000000f5100000)
  to   space 13824K, 0% used [0x00000000f7d00000,0x00000000f7d00000,0x00000000f8a80000)
 ParOldGen       total 82432K, used 32823K [0x00000000c0000000, 0x00000000c5080000, 0x00000000eab00000)
  object space 82432K, 39% used [0x00000000c0000000,0x00000000c200dc80,0x00000000c5080000)
 Metaspace       used 57066K, capacity 58990K, committed 59160K, reserved 1099776K
  class space    used 7943K, capacity 8418K, committed 8496K, reserved 1048576K
}
Event: 27.250 GC heap before
{Heap before GC invocations=16 (full 3):
 PSYoungGen      total 169984K, used 11200K [0x00000000eab00000, 0x00000000f8a80000, 0x0000000100000000)
  eden space 156672K, 0% used [0x00000000eab00000,0x00000000eab00000,0x00000000f4400000)
  from space 13312K, 84% used [0x00000000f4400000,0x00000000f4ef0180,0x00000000f5100000)
  to   space 13824K, 0% used [0x00000000f7d00000,0x00000000f7d00000,0x00000000f8a80000)
 ParOldGen       total 82432K, used 32823K [0x00000000c0000000, 0x00000000c5080000, 0x00000000eab00000)
  object space 82432K, 39% used [0x00000000c0000000,0x00000000c200dc80,0x00000000c5080000)
 Metaspace       used 57066K, capacity 58990K, committed 59160K, reserved 1099776K
  class space    used 7943K, capacity 8418K, committed 8496K, reserved 1048576K
Event: 27.575 GC heap after
Heap after GC invocations=16 (full 3):
 PSYoungGen      total 169984K, used 0K [0x00000000eab00000, 0x00000000f8a80000, 0x0000000100000000)
  eden space 156672K, 0% used [0x00000000eab00000,0x00000000eab00000,0x00000000f4400000)
  from space 13312K, 0% used [0x00000000f4400000,0x00000000f4400000,0x00000000f5100000)
  to   space 13824K, 0% used [0x00000000f7d00000,0x00000000f7d00000,0x00000000f8a80000)
 ParOldGen       total 137728K, used 41930K [0x00000000c0000000, 0x00000000c8680000, 0x00000000eab00000)
  object space 137728K, 30% used [0x00000000c0000000,0x00000000c28f2930,0x00000000c8680000)
 Metaspace       used 57066K, capacity 58990K, committed 59160K, reserved 1099776K
  class space    used 7943K, capacity 8418K, committed 8496K, reserved 1048576K
}
Event: 2336.781 GC heap before
{Heap before GC invocations=17 (full 3):
 PSYoungGen      total 169984K, used 156672K [0x00000000eab00000, 0x00000000f8a80000, 0x0000000100000000)
  eden space 156672K, 100% used [0x00000000eab00000,0x00000000f4400000,0x00000000f4400000)
  from space 13312K, 0% used [0x00000000f4400000,0x00000000f4400000,0x00000000f5100000)
  to   space 13824K, 0% used [0x00000000f7d00000,0x00000000f7d00000,0x00000000f8a80000)
 ParOldGen       total 137728K, used 41930K [0x00000000c0000000, 0x00000000c8680000, 0x00000000eab00000)
  object space 137728K, 30% used [0x00000000c0000000,0x00000000c28f2930,0x00000000c8680000)
 Metaspace       used 62529K, capacity 64928K, committed 65048K, reserved 1105920K
  class space    used 8419K, capacity 9001K, committed 9008K, reserved 1048576K
Event: 2336.808 GC heap after
Heap after GC invocations=17 (full 3):
 PSYoungGen      total 165888K, used 13429K [0x00000000eab00000, 0x00000000f8a80000, 0x0000000100000000)
  eden space 152064K, 0% used [0x00000000eab00000,0x00000000eab00000,0x00000000f3f80000)
  from space 13824K, 97% used [0x00000000f7d00000,0x00000000f8a1d7a0,0x00000000f8a80000)
  to   space 15360K, 0% used [0x00000000f6c80000,0x00000000f6c80000,0x00000000f7b80000)
 ParOldGen       total 137728K, used 41938K [0x00000000c0000000, 0x00000000c8680000, 0x00000000eab00000)
  object space 137728K, 30% used [0x00000000c0000000,0x00000000c28f4930,0x00000000c8680000)
 Metaspace       used 62529K, capacity 64928K, committed 65048K, reserved 1105920K
  class space    used 8419K, capacity 9001K, committed 9008K, reserved 1048576K
}
Event: 5139.844 GC heap before
{Heap before GC invocations=18 (full 3):
 PSYoungGen      total 165888K, used 165493K [0x00000000eab00000, 0x00000000f8a80000, 0x0000000100000000)
  eden space 152064K, 100% used [0x00000000eab00000,0x00000000f3f80000,0x00000000f3f80000)
  from space 13824K, 97% used [0x00000000f7d00000,0x00000000f8a1d7a0,0x00000000f8a80000)
  to   space 15360K, 0% used [0x00000000f6c80000,0x00000000f6c80000,0x00000000f7b80000)
 ParOldGen       total 137728K, used 41938K [0x00000000c0000000, 0x00000000c8680000, 0x00000000eab00000)
  object space 137728K, 30% used [0x00000000c0000000,0x00000000c28f4930,0x00000000c8680000)
 Metaspace       used 63603K, capacity 66514K, committed 66712K, reserved 1107968K
  class space    used 8491K, capacity 9122K, committed 9136K, reserved 1048576K
Event: 5139.857 GC heap after
Heap after GC invocations=18 (full 3):
 PSYoungGen      total 155648K, used 7824K [0x00000000eab00000, 0x00000000f7d80000, 0x0000000100000000)
  eden space 147456K, 0% used [0x00000000eab00000,0x00000000eab00000,0x00000000f3b00000)
  from space 8192K, 95% used [0x00000000f6c80000,0x00000000f7424040,0x00000000f7480000)
  to   space 9216K, 0% used [0x00000000f7480000,0x00000000f7480000,0x00000000f7d80000)
 ParOldGen       total 137728K, used 41946K [0x00000000c0000000, 0x00000000c8680000, 0x00000000eab00000)
  object space 137728K, 30% used [0x00000000c0000000,0x00000000c28f6930,0x00000000c8680000)
 Metaspace       used 63603K, capacity 66514K, committed 66712K, reserved 1107968K
  class space    used 8491K, capacity 9122K, committed 9136K, reserved 1048576K
}

