# JRE version: Java(TM) SE Runtime Environment (8.0_112-b15) (build 1.8.0_112-b15)
# Java VM: Java HotSpot(TM) 64-Bit Server VM (25.112-b15 mixed mode windows-amd64 compressed oops)
Heap:
 PSYoungGen      total 140288K, used 53084K [0x00000000eab00000, 0x00000000f4e00000, 0x0000000100000000)
  eden space 131072K, 39% used [0x00000000eab00000,0x00000000edd4f038,0x00000000f2b00000)
  from space 9216K, 17% used [0x00000000f4500000,0x00000000f4688000,0x00000000f4e00000)
  to   space 17920K, 0% used [0x00000000f2b00000,0x00000000f2b00000,0x00000000f3c80000)
 ParOldGen       total 150528K, used 40970K [0x00000000c0000000, 0x00000000c9300000, 0x00000000eab00000)
  object space 150528K, 27% used [0x00000000c0000000,0x00000000c2802a40,0x00000000c9300000)
 Metaspace       used 62751K, capacity 67148K, committed 67376K, reserved 1107968K
  class space    used 8369K, capacity 9197K, committed 9264K, reserved 1048576K
GC Heap History (10 events):
Event: 9212.416 GC heap before
{Heap before GC invocations=19 (full 3):
 PSYoungGen      total 168960K, used 153682K [0x00000000eab00000, 0x00000000f7a00000, 0x0000000100000000)
  eden space 150528K, 100% used [0x00000000eab00000,0x00000000f3e00000,0x00000000f3e00000)
  from space 18432K, 17% used [0x00000000f3e00000,0x00000000f4114a28,0x00000000f5000000)
  to   space 18944K, 0% used [0x00000000f6780000,0x00000000f6780000,0x00000000f7a00000)
 ParOldGen       total 150528K, used 40938K [0x00000000c0000000, 0x00000000c9300000, 0x00000000eab00000)
  object space 150528K, 27% used [0x00000000c0000000,0x00000000c27faa40,0x00000000c9300000)
 Metaspace       used 60654K, capacity 63584K, committed 63920K, reserved 1103872K
  class space    used 8117K, capacity 8757K, committed 8880K, reserved 1048576K
Event: 9212.436 GC heap after
Heap after GC invocations=19 (full 3):
 PSYoungGen      total 150528K, used 3920K [0x00000000eab00000, 0x00000000f6b80000, 0x0000000100000000)
  eden space 146432K, 0% used [0x00000000eab00000,0x00000000eab00000,0x00000000f3a00000)
  from space 4096K, 95% used [0x00000000f6780000,0x00000000f6b54030,0x00000000f6b80000)
  to   space 18944K, 0% used [0x00000000f4680000,0x00000000f4680000,0x00000000f5900000)
 ParOldGen       total 150528K, used 40938K [0x00000000c0000000, 0x00000000c9300000, 0x00000000eab00000)
  object space 150528K, 27% used [0x00000000c0000000,0x00000000c27faa40,0x00000000c9300000)
 Metaspace       used 60654K, capacity 63584K, committed 63920K, reserved 1103872K
  class space    used 8117K, capacity 8757K, committed 8880K, reserved 1048576K
}
Event: 13630.925 GC heap before
{Heap before GC invocations=20 (full 3):
 PSYoungGen      total 150528K, used 150352K [0x00000000eab00000, 0x00000000f6b80000, 0x0000000100000000)
  eden space 146432K, 100% used [0x00000000eab00000,0x00000000f3a00000,0x00000000f3a00000)
  from space 4096K, 95% used [0x00000000f6780000,0x00000000f6b54030,0x00000000f6b80000)
  to   space 18944K, 0% used [0x00000000f4680000,0x00000000f4680000,0x00000000f5900000)
 ParOldGen       total 150528K, used 40938K [0x00000000c0000000, 0x00000000c9300000, 0x00000000eab00000)
  object space 150528K, 27% used [0x00000000c0000000,0x00000000c27faa40,0x00000000c9300000)
 Metaspace       used 61303K, capacity 64628K, committed 64688K, reserved 1105920K
  class space    used 8186K, capacity 8877K, committed 8880K, reserved 1048576K
Event: 13630.992 GC heap after
Heap after GC invocations=20 (full 3):
 PSYoungGen      total 149504K, used 6944K [0x00000000eab00000, 0x00000000f6800000, 0x0000000100000000)
  eden space 142336K, 0% used [0x00000000eab00000,0x00000000eab00000,0x00000000f3600000)
  from space 7168K, 96% used [0x00000000f4680000,0x00000000f4d48020,0x00000000f4d80000)
  to   space 17920K, 0% used [0x00000000f5680000,0x00000000f5680000,0x00000000f6800000)
 ParOldGen       total 150528K, used 40946K [0x00000000c0000000, 0x00000000c9300000, 0x00000000eab00000)
  object space 150528K, 27% used [0x00000000c0000000,0x00000000c27fca40,0x00000000c9300000)
 Metaspace       used 61303K, capacity 64628K, committed 64688K, reserved 1105920K
  class space    used 8186K, capacity 8877K, committed 8880K, reserved 1048576K
}
Event: 17591.599 GC heap before
{Heap before GC invocations=21 (full 3):
 PSYoungGen      total 149504K, used 149280K [0x00000000eab00000, 0x00000000f6800000, 0x0000000100000000)
  eden space 142336K, 100% used [0x00000000eab00000,0x00000000f3600000,0x00000000f3600000)
  from space 7168K, 96% used [0x00000000f4680000,0x00000000f4d48020,0x00000000f4d80000)
  to   space 17920K, 0% used [0x00000000f5680000,0x00000000f5680000,0x00000000f6800000)
 ParOldGen       total 150528K, used 40946K [0x00000000c0000000, 0x00000000c9300000, 0x00000000eab00000)
  object space 150528K, 27% used [0x00000000c0000000,0x00000000c27fca40,0x00000000c9300000)
 Metaspace       used 61658K, capacity 65166K, committed 65328K, reserved 1105920K
  class space    used 8218K, capacity 8932K, committed 9008K, reserved 1048576K
Event: 17591.635 GC heap after
Heap after GC invocations=21 (full 3):
 PSYoungGen      total 139776K, used 1248K [0x00000000eab00000, 0x00000000f5800000, 0x0000000100000000)
  eden space 138240K, 0% used [0x00000000eab00000,0x00000000eab00000,0x00000000f3200000)
  from space 1536K, 81% used [0x00000000f5680000,0x00000000f57b8000,0x00000000f5800000)
  to   space 18432K, 0% used [0x00000000f3400000,0x00000000f3400000,0x00000000f4600000)
 ParOldGen       total 150528K, used 40954K [0x00000000c0000000, 0x00000000c9300000, 0x00000000eab00000)
  object space 150528K, 27% used [0x00000000c0000000,0x00000000c27fea40,0x00000000c9300000)
 Metaspace       used 61658K, capacity 65166K, committed 65328K, reserved 1105920K
  class space    used 8218K, capacity 8932K, committed 9008K, reserved 1048576K
}
Event: 23417.832 GC heap before
{Heap before GC invocations=22 (full 3):
 PSYoungGen      total 139776K, used 139488K [0x00000000eab00000, 0x00000000f5800000, 0x0000000100000000)
  eden space 138240K, 100% used [0x00000000eab00000,0x00000000f3200000,0x00000000f3200000)
  from space 1536K, 81% used [0x00000000f5680000,0x00000000f57b8000,0x00000000f5800000)
  to   space 18432K, 0% used [0x00000000f3400000,0x00000000f3400000,0x00000000f4600000)
 ParOldGen       total 150528K, used 40954K [0x00000000c0000000, 0x00000000c9300000, 0x00000000eab00000)
  object space 150528K, 27% used [0x00000000c0000000,0x00000000c27fea40,0x00000000c9300000)
 Metaspace       used 61845K, capacity 65362K, committed 65584K, reserved 1105920K
  class space    used 8220K, capacity 8932K, committed 9008K, reserved 1048576K
Event: 23417.872 GC heap after
Heap after GC invocations=22 (full 3):
 PSYoungGen      total 136192K, used 1312K [0x00000000eab00000, 0x00000000f5700000, 0x0000000100000000)
  eden space 134656K, 0% used [0x00000000eab00000,0x00000000eab00000,0x00000000f2e80000)
  from space 1536K, 85% used [0x00000000f3400000,0x00000000f3548000,0x00000000f3580000)
  to   space 18432K, 0% used [0x00000000f4500000,0x00000000f4500000,0x00000000f5700000)
 ParOldGen       total 150528K, used 40962K [0x00000000c0000000, 0x00000000c9300000, 0x00000000eab00000)
  object space 150528K, 27% used [0x00000000c0000000,0x00000000c2800a40,0x00000000c9300000)
 Metaspace       used 61845K, capacity 65362K, committed 65584K, reserved 1105920K
  class space    used 8220K, capacity 8932K, committed 9008K, reserved 1048576K
}
Event: 28831.594 GC heap before
{Heap before GC invocations=23 (full 3):
 PSYoungGen      total 136192K, used 135968K [0x00000000eab00000, 0x00000000f5700000, 0x0000000100000000)
  eden space 134656K, 100% used [0x00000000eab00000,0x00000000f2e80000,0x00000000f2e80000)
  from space 1536K, 85% used [0x00000000f3400000,0x00000000f3548000,0x00000000f3580000)
  to   space 18432K, 0% used [0x00000000f4500000,0x00000000f4500000,0x00000000f5700000)
 ParOldGen       total 150528K, used 40962K [0x00000000c0000000, 0x00000000c9300000, 0x00000000eab00000)
  object space 150528K, 27% used [0x00000000c0000000,0x00000000c2800a40,0x00000000c9300000)
 Metaspace       used 62632K, capacity 67016K, committed 67120K, reserved 1107968K
  class space    used 8368K, capacity 9197K, committed 9264K, reserved 1048576K
Event: 28831.608 GC heap after
Heap after GC invocations=23 (full 3):
 PSYoungGen      total 140288K, used 1568K [0x00000000eab00000, 0x00000000f4e00000, 0x0000000100000000)
  eden space 131072K, 0% used [0x00000000eab00000,0x00000000eab00000,0x00000000f2b00000)
  from space 9216K, 17% used [0x00000000f4500000,0x00000000f4688000,0x00000000f4e00000)
  to   space 17920K, 0% used [0x00000000f2b00000,0x00000000f2b00000,0x00000000f3c80000)
 ParOldGen       total 150528K, used 40970K [0x00000000c0000000, 0x00000000c9300000, 0x00000000eab00000)
  object space 150528K, 27% used [0x00000000c0000000,0x00000000c2802a40,0x00000000c9300000)
 Metaspace       used 62632K, capacity 67016K, committed 67120K, reserved 1107968K
  class space    used 8368K, capacity 9197K, committed 9264K, reserved 1048576K
}

