# JRE version: Java(TM) SE Runtime Environment (8.0_112-b15) (build 1.8.0_112-b15)
# Java VM: Java HotSpot(TM) 64-Bit Server VM (25.112-b15 mixed mode windows-amd64 compressed oops)
Heap:
 PSYoungGen      total 105984K, used 12473K [0x00000000eab00000, 0x00000000f4a00000, 0x0000000100000000)
  eden space 94208K, 13% used [0x00000000eab00000,0x00000000eb72e470,0x00000000f0700000)
  from space 11776K, 0% used [0x00000000f0700000,0x00000000f0700000,0x00000000f1280000)
  to   space 11264K, 0% used [0x00000000f3f00000,0x00000000f3f00000,0x00000000f4a00000)
 ParOldGen       total 55296K, used 15554K [0x00000000c0000000, 0x00000000c3600000, 0x00000000eab00000)
  object space 55296K, 28% used [0x00000000c0000000,0x00000000c0f30a90,0x00000000c3600000)
 Metaspace       used 35837K, capacity 36624K, committed 36912K, reserved 1081344K
  class space    used 5064K, capacity 5301K, committed 5424K, reserved 1048576K
GC Heap History (10 events):
Event: 9.309 GC heap before
{Heap before GC invocations=7 (full 1):
 PSYoungGen      total 38400K, used 33280K [0x00000000eab00000, 0x00000000eff00000, 0x0000000100000000)
  eden space 33280K, 100% used [0x00000000eab00000,0x00000000ecb80000,0x00000000ecb80000)
  from space 5120K, 0% used [0x00000000ecb80000,0x00000000ecb80000,0x00000000ed080000)
  to   space 9728K, 0% used [0x00000000ef580000,0x00000000ef580000,0x00000000eff00000)
 ParOldGen       total 55296K, used 7897K [0x00000000c0000000, 0x00000000c3600000, 0x00000000eab00000)
  object space 55296K, 14% used [0x00000000c0000000,0x00000000c07b6488,0x00000000c3600000)
 Metaspace       used 24084K, capacity 24446K, committed 24496K, reserved 1071104K
  class space    used 3392K, capacity 3498K, committed 3504K, reserved 1048576K
Event: 9.317 GC heap after
Heap after GC invocations=7 (full 1):
 PSYoungGen      total 60928K, used 3952K [0x00000000eab00000, 0x00000000ef980000, 0x0000000100000000)
  eden space 56832K, 0% used [0x00000000eab00000,0x00000000eab00000,0x00000000ee280000)
  from space 4096K, 96% used [0x00000000ef580000,0x00000000ef95c238,0x00000000ef980000)
  to   space 10240K, 0% used [0x00000000ee580000,0x00000000ee580000,0x00000000eef80000)
 ParOldGen       total 55296K, used 7905K [0x00000000c0000000, 0x00000000c3600000, 0x00000000eab00000)
  object space 55296K, 14% used [0x00000000c0000000,0x00000000c07b8488,0x00000000c3600000)
 Metaspace       used 24084K, capacity 24446K, committed 24496K, reserved 1071104K
  class space    used 3392K, capacity 3498K, committed 3504K, reserved 1048576K
}
Event: 10.307 GC heap before
{Heap before GC invocations=8 (full 1):
 PSYoungGen      total 60928K, used 60784K [0x00000000eab00000, 0x00000000ef980000, 0x0000000100000000)
  eden space 56832K, 100% used [0x00000000eab00000,0x00000000ee280000,0x00000000ee280000)
  from space 4096K, 96% used [0x00000000ef580000,0x00000000ef95c238,0x00000000ef980000)
  to   space 10240K, 0% used [0x00000000ee580000,0x00000000ee580000,0x00000000eef80000)
 ParOldGen       total 55296K, used 7905K [0x00000000c0000000, 0x00000000c3600000, 0x00000000eab00000)
  object space 55296K, 14% used [0x00000000c0000000,0x00000000c07b8488,0x00000000c3600000)
 Metaspace       used 27809K, capacity 28312K, committed 28464K, reserved 1073152K
  class space    used 3966K, capacity 4123K, committed 4144K, reserved 1048576K
Event: 10.315 GC heap after
Heap after GC invocations=8 (full 1):
 PSYoungGen      total 70144K, used 7030K [0x00000000eab00000, 0x00000000f1c80000, 0x0000000100000000)
  eden space 59904K, 0% used [0x00000000eab00000,0x00000000eab00000,0x00000000ee580000)
  from space 10240K, 68% used [0x00000000ee580000,0x00000000eec5db00,0x00000000eef80000)
  to   space 10240K, 0% used [0x00000000f1280000,0x00000000f1280000,0x00000000f1c80000)
 ParOldGen       total 55296K, used 7913K [0x00000000c0000000, 0x00000000c3600000, 0x00000000eab00000)
  object space 55296K, 14% used [0x00000000c0000000,0x00000000c07ba488,0x00000000c3600000)
 Metaspace       used 27809K, capacity 28312K, committed 28464K, reserved 1073152K
  class space    used 3966K, capacity 4123K, committed 4144K, reserved 1048576K
}
Event: 14.482 GC heap before
{Heap before GC invocations=9 (full 1):
 PSYoungGen      total 70144K, used 66934K [0x00000000eab00000, 0x00000000f1c80000, 0x0000000100000000)
  eden space 59904K, 100% used [0x00000000eab00000,0x00000000ee580000,0x00000000ee580000)
  from space 10240K, 68% used [0x00000000ee580000,0x00000000eec5db00,0x00000000eef80000)
  to   space 10240K, 0% used [0x00000000f1280000,0x00000000f1280000,0x00000000f1c80000)
 ParOldGen       total 55296K, used 7913K [0x00000000c0000000, 0x00000000c3600000, 0x00000000eab00000)
  object space 55296K, 14% used [0x00000000c0000000,0x00000000c07ba488,0x00000000c3600000)
 Metaspace       used 33112K, capacity 33890K, committed 34224K, reserved 1079296K
  class space    used 4715K, capacity 4964K, committed 5040K, reserved 1048576K
Event: 14.492 GC heap after
Heap after GC invocations=9 (full 1):
 PSYoungGen      total 104448K, used 10229K [0x00000000eab00000, 0x00000000f2200000, 0x0000000100000000)
  eden space 94208K, 0% used [0x00000000eab00000,0x00000000eab00000,0x00000000f0700000)
  from space 10240K, 99% used [0x00000000f1280000,0x00000000f1c7d618,0x00000000f1c80000)
  to   space 11776K, 0% used [0x00000000f0700000,0x00000000f0700000,0x00000000f1280000)
 ParOldGen       total 55296K, used 8529K [0x00000000c0000000, 0x00000000c3600000, 0x00000000eab00000)
  object space 55296K, 15% used [0x00000000c0000000,0x00000000c08546e8,0x00000000c3600000)
 Metaspace       used 33112K, capacity 33890K, committed 34224K, reserved 1079296K
  class space    used 4715K, capacity 4964K, committed 5040K, reserved 1048576K
}
Event: 14.652 GC heap before
{Heap before GC invocations=10 (full 1):
 PSYoungGen      total 104448K, used 22525K [0x00000000eab00000, 0x00000000f2200000, 0x0000000100000000)
  eden space 94208K, 13% used [0x00000000eab00000,0x00000000eb701fe8,0x00000000f0700000)
  from space 10240K, 99% used [0x00000000f1280000,0x00000000f1c7d618,0x00000000f1c80000)
  to   space 11776K, 0% used [0x00000000f0700000,0x00000000f0700000,0x00000000f1280000)
 ParOldGen       total 55296K, used 8529K [0x00000000c0000000, 0x00000000c3600000, 0x00000000eab00000)
  object space 55296K, 15% used [0x00000000c0000000,0x00000000c08546e8,0x00000000c3600000)
 Metaspace       used 34658K, capacity 35344K, committed 35496K, reserved 1079296K
  class space    used 4894K, capacity 5129K, committed 5168K, reserved 1048576K
Event: 14.661 GC heap after
Heap after GC invocations=10 (full 1):
 PSYoungGen      total 105984K, used 7449K [0x00000000eab00000, 0x00000000f4a00000, 0x0000000100000000)
  eden space 94208K, 0% used [0x00000000eab00000,0x00000000eab00000,0x00000000f0700000)
  from space 11776K, 63% used [0x00000000f0700000,0x00000000f0e46638,0x00000000f1280000)
  to   space 11264K, 0% used [0x00000000f3f00000,0x00000000f3f00000,0x00000000f4a00000)
 ParOldGen       total 55296K, used 10029K [0x00000000c0000000, 0x00000000c3600000, 0x00000000eab00000)
  object space 55296K, 18% used [0x00000000c0000000,0x00000000c09cb778,0x00000000c3600000)
 Metaspace       used 34658K, capacity 35344K, committed 35496K, reserved 1079296K
  class space    used 4894K, capacity 5129K, committed 5168K, reserved 1048576K
}
Event: 14.661 GC heap before
{Heap before GC invocations=11 (full 2):
 PSYoungGen      total 105984K, used 7449K [0x00000000eab00000, 0x00000000f4a00000, 0x0000000100000000)
  eden space 94208K, 0% used [0x00000000eab00000,0x00000000eab00000,0x00000000f0700000)
  from space 11776K, 63% used [0x00000000f0700000,0x00000000f0e46638,0x00000000f1280000)
  to   space 11264K, 0% used [0x00000000f3f00000,0x00000000f3f00000,0x00000000f4a00000)
 ParOldGen       total 55296K, used 10029K [0x00000000c0000000, 0x00000000c3600000, 0x00000000eab00000)
  object space 55296K, 18% used [0x00000000c0000000,0x00000000c09cb778,0x00000000c3600000)
 Metaspace       used 34658K, capacity 35344K, committed 35496K, reserved 1079296K
  class space    used 4894K, capacity 5129K, committed 5168K, reserved 1048576K
Event: 14.740 GC heap after
Heap after GC invocations=11 (full 2):
 PSYoungGen      total 105984K, used 0K [0x00000000eab00000, 0x00000000f4a00000, 0x0000000100000000)
  eden space 94208K, 0% used [0x00000000eab00000,0x00000000eab00000,0x00000000f0700000)
  from space 11776K, 0% used [0x00000000f0700000,0x00000000f0700000,0x00000000f1280000)
  to   space 11264K, 0% used [0x00000000f3f00000,0x00000000f3f00000,0x00000000f4a00000)
 ParOldGen       total 55296K, used 15554K [0x00000000c0000000, 0x00000000c3600000, 0x00000000eab00000)
  object space 55296K, 28% used [0x00000000c0000000,0x00000000c0f30a90,0x00000000c3600000)
 Metaspace       used 34658K, capacity 35344K, committed 35496K, reserved 1079296K
  class space    used 4894K, capacity 5129K, committed 5168K, reserved 1048576K
}

