# JRE version: Java(TM) SE Runtime Environment (8.0_112-b15) (build 1.8.0_112-b15)
# Java VM: Java HotSpot(TM) 64-Bit Server VM (25.112-b15 mixed mode windows-amd64 compressed oops)
Heap:
 PSYoungGen      total 114176K, used 43201K [0x00000000eab00000, 0x00000000f3d00000, 0x0000000100000000)
  eden space 106496K, 33% used [0x00000000eab00000,0x00000000ece08600,0x00000000f1300000)
  from space 7680K, 95% used [0x00000000f3580000,0x00000000f3ca8020,0x00000000f3d00000)
  to   space 15360K, 0% used [0x00000000f1f00000,0x00000000f1f00000,0x00000000f2e00000)
 ParOldGen       total 135168K, used 43021K [0x00000000c0000000, 0x00000000c8400000, 0x00000000eab00000)
  object space 135168K, 31% used [0x00000000c0000000,0x00000000c2a034d0,0x00000000c8400000)
 Metaspace       used 61587K, capacity 65017K, committed 65328K, reserved 1105920K
  class space    used 8191K, capacity 8882K, committed 9008K, reserved 1048576K
GC Heap History (10 events):
Event: 6735.244 GC heap before
{Heap before GC invocations=19 (full 3):
 PSYoungGen      total 134144K, used 122368K [0x00000000eab00000, 0x00000000f6400000, 0x0000000100000000)
  eden space 122368K, 100% used [0x00000000eab00000,0x00000000f2280000,0x00000000f2280000)
  from space 11776K, 0% used [0x00000000f2280000,0x00000000f2280000,0x00000000f2e00000)
  to   space 16384K, 0% used [0x00000000f5400000,0x00000000f5400000,0x00000000f6400000)
 ParOldGen       total 135168K, used 42989K [0x00000000c0000000, 0x00000000c8400000, 0x00000000eab00000)
  object space 135168K, 31% used [0x00000000c0000000,0x00000000c29fb4d0,0x00000000c8400000)
 Metaspace       used 59271K, capacity 61671K, committed 61872K, reserved 1101824K
  class space    used 8006K, capacity 8559K, committed 8624K, reserved 1048576K
Event: 6735.262 GC heap after
Heap after GC invocations=19 (full 3):
 PSYoungGen      total 123392K, used 4186K [0x00000000eab00000, 0x00000000f5880000, 0x0000000100000000)
  eden space 118784K, 0% used [0x00000000eab00000,0x00000000eab00000,0x00000000f1f00000)
  from space 4608K, 90% used [0x00000000f5400000,0x00000000f5816840,0x00000000f5880000)
  to   space 16384K, 0% used [0x00000000f3880000,0x00000000f3880000,0x00000000f4880000)
 ParOldGen       total 135168K, used 42997K [0x00000000c0000000, 0x00000000c8400000, 0x00000000eab00000)
  object space 135168K, 31% used [0x00000000c0000000,0x00000000c29fd4d0,0x00000000c8400000)
 Metaspace       used 59271K, capacity 61671K, committed 61872K, reserved 1101824K
  class space    used 8006K, capacity 8559K, committed 8624K, reserved 1048576K
}
Event: 11737.360 GC heap before
{Heap before GC invocations=20 (full 3):
 PSYoungGen      total 123392K, used 122970K [0x00000000eab00000, 0x00000000f5880000, 0x0000000100000000)
  eden space 118784K, 100% used [0x00000000eab00000,0x00000000f1f00000,0x00000000f1f00000)
  from space 4608K, 90% used [0x00000000f5400000,0x00000000f5816840,0x00000000f5880000)
  to   space 16384K, 0% used [0x00000000f3880000,0x00000000f3880000,0x00000000f4880000)
 ParOldGen       total 135168K, used 42997K [0x00000000c0000000, 0x00000000c8400000, 0x00000000eab00000)
  object space 135168K, 31% used [0x00000000c0000000,0x00000000c29fd4d0,0x00000000c8400000)
 Metaspace       used 59921K, capacity 62491K, committed 62640K, reserved 1103872K
  class space    used 8040K, capacity 8617K, committed 8624K, reserved 1048576K
Event: 11737.394 GC heap after
Heap after GC invocations=20 (full 3):
 PSYoungGen      total 116736K, used 992K [0x00000000eab00000, 0x00000000f5480000, 0x0000000100000000)
  eden space 115712K, 0% used [0x00000000eab00000,0x00000000eab00000,0x00000000f1c00000)
  from space 1024K, 96% used [0x00000000f3880000,0x00000000f3978000,0x00000000f3980000)
  to   space 16384K, 0% used [0x00000000f4480000,0x00000000f4480000,0x00000000f5480000)
 ParOldGen       total 135168K, used 43005K [0x00000000c0000000, 0x00000000c8400000, 0x00000000eab00000)
  object space 135168K, 31% used [0x00000000c0000000,0x00000000c29ff4d0,0x00000000c8400000)
 Metaspace       used 59921K, capacity 62491K, committed 62640K, reserved 1103872K
  class space    used 8040K, capacity 8617K, committed 8624K, reserved 1048576K
}
Event: 15370.378 GC heap before
{Heap before GC invocations=21 (full 3):
 PSYoungGen      total 116736K, used 116704K [0x00000000eab00000, 0x00000000f5480000, 0x0000000100000000)
  eden space 115712K, 100% used [0x00000000eab00000,0x00000000f1c00000,0x00000000f1c00000)
  from space 1024K, 96% used [0x00000000f3880000,0x00000000f3978000,0x00000000f3980000)
  to   space 16384K, 0% used [0x00000000f4480000,0x00000000f4480000,0x00000000f5480000)
 ParOldGen       total 135168K, used 43005K [0x00000000c0000000, 0x00000000c8400000, 0x00000000eab00000)
  object space 135168K, 31% used [0x00000000c0000000,0x00000000c29ff4d0,0x00000000c8400000)
 Metaspace       used 60388K, capacity 63221K, committed 63536K, reserved 1103872K
  class space    used 8076K, capacity 8682K, committed 8752K, reserved 1048576K
Event: 15370.394 GC heap after
Heap after GC invocations=21 (full 3):
 PSYoungGen      total 113664K, used 928K [0x00000000eab00000, 0x00000000f4580000, 0x0000000100000000)
  eden space 112640K, 0% used [0x00000000eab00000,0x00000000eab00000,0x00000000f1900000)
  from space 1024K, 90% used [0x00000000f4480000,0x00000000f4568000,0x00000000f4580000)
  to   space 16896K, 0% used [0x00000000f2480000,0x00000000f2480000,0x00000000f3500000)
 ParOldGen       total 135168K, used 43013K [0x00000000c0000000, 0x00000000c8400000, 0x00000000eab00000)
  object space 135168K, 31% used [0x00000000c0000000,0x00000000c2a014d0,0x00000000c8400000)
 Metaspace       used 60388K, capacity 63221K, committed 63536K, reserved 1103872K
  class space    used 8076K, capacity 8682K, committed 8752K, reserved 1048576K
}
Event: 16582.458 GC heap before
{Heap before GC invocations=22 (full 3):
 PSYoungGen      total 113664K, used 113568K [0x00000000eab00000, 0x00000000f4580000, 0x0000000100000000)
  eden space 112640K, 100% used [0x00000000eab00000,0x00000000f1900000,0x00000000f1900000)
  from space 1024K, 90% used [0x00000000f4480000,0x00000000f4568000,0x00000000f4580000)
  to   space 16896K, 0% used [0x00000000f2480000,0x00000000f2480000,0x00000000f3500000)
 ParOldGen       total 135168K, used 43013K [0x00000000c0000000, 0x00000000c8400000, 0x00000000eab00000)
  object space 135168K, 31% used [0x00000000c0000000,0x00000000c2a014d0,0x00000000c8400000)
 Metaspace       used 61129K, capacity 64409K, committed 64688K, reserved 1105920K
  class space    used 8157K, capacity 8826K, committed 8880K, reserved 1048576K
Event: 16582.485 GC heap after
Heap after GC invocations=22 (full 3):
 PSYoungGen      total 126464K, used 5248K [0x00000000eab00000, 0x00000000f4500000, 0x0000000100000000)
  eden space 109568K, 0% used [0x00000000eab00000,0x00000000eab00000,0x00000000f1600000)
  from space 16896K, 31% used [0x00000000f2480000,0x00000000f29a0020,0x00000000f3500000)
  to   space 15872K, 0% used [0x00000000f3580000,0x00000000f3580000,0x00000000f4500000)
 ParOldGen       total 135168K, used 43013K [0x00000000c0000000, 0x00000000c8400000, 0x00000000eab00000)
  object space 135168K, 31% used [0x00000000c0000000,0x00000000c2a014d0,0x00000000c8400000)
 Metaspace       used 61129K, capacity 64409K, committed 64688K, reserved 1105920K
  class space    used 8157K, capacity 8826K, committed 8880K, reserved 1048576K
}
Event: 17776.362 GC heap before
{Heap before GC invocations=23 (full 3):
 PSYoungGen      total 126464K, used 114816K [0x00000000eab00000, 0x00000000f4500000, 0x0000000100000000)
  eden space 109568K, 100% used [0x00000000eab00000,0x00000000f1600000,0x00000000f1600000)
  from space 16896K, 31% used [0x00000000f2480000,0x00000000f29a0020,0x00000000f3500000)
  to   space 15872K, 0% used [0x00000000f3580000,0x00000000f3580000,0x00000000f4500000)
 ParOldGen       total 135168K, used 43013K [0x00000000c0000000, 0x00000000c8400000, 0x00000000eab00000)
  object space 135168K, 31% used [0x00000000c0000000,0x00000000c2a014d0,0x00000000c8400000)
 Metaspace       used 61495K, capacity 64949K, committed 65328K, reserved 1105920K
  class space    used 8190K, capacity 8882K, committed 9008K, reserved 1048576K
Event: 17776.375 GC heap after
Heap after GC invocations=23 (full 3):
 PSYoungGen      total 114176K, used 7328K [0x00000000eab00000, 0x00000000f3d00000, 0x0000000100000000)
  eden space 106496K, 0% used [0x00000000eab00000,0x00000000eab00000,0x00000000f1300000)
  from space 7680K, 95% used [0x00000000f3580000,0x00000000f3ca8020,0x00000000f3d00000)
  to   space 15360K, 0% used [0x00000000f1f00000,0x00000000f1f00000,0x00000000f2e00000)
 ParOldGen       total 135168K, used 43021K [0x00000000c0000000, 0x00000000c8400000, 0x00000000eab00000)
  object space 135168K, 31% used [0x00000000c0000000,0x00000000c2a034d0,0x00000000c8400000)
 Metaspace       used 61495K, capacity 64949K, committed 65328K, reserved 1105920K
  class space    used 8190K, capacity 8882K, committed 9008K, reserved 1048576K
}

