# JRE version: Java(TM) SE Runtime Environment (8.0_112-b15) (build 1.8.0_112-b15)
# Java VM: Java HotSpot(TM) 64-Bit Server VM (25.112-b15 mixed mode windows-amd64 compressed oops)
Heap:
 PSYoungGen      total 187904K, used 139792K [0x00000000eab00000, 0x00000000f9600000, 0x0000000100000000)
  eden space 163840K, 85% used [0x00000000eab00000,0x00000000f3384390,0x00000000f4b00000)
  from space 24064K, 0% used [0x00000000f4b00000,0x00000000f4b00000,0x00000000f6280000)
  to   space 24576K, 0% used [0x00000000f7e00000,0x00000000f7e00000,0x00000000f9600000)
 ParOldGen       total 163840K, used 41160K [0x00000000c0000000, 0x00000000ca000000, 0x00000000eab00000)
  object space 163840K, 25% used [0x00000000c0000000,0x00000000c28322a8,0x00000000ca000000)
 Metaspace       used 60025K, capacity 62572K, committed 62768K, reserved 1103872K
  class space    used 8048K, capacity 8655K, committed 8752K, reserved 1048576K
GC Heap History (10 events):
Event: 10.395 GC heap before
{Heap before GC invocations=10 (full 2):
 PSYoungGen      total 140288K, used 130048K [0x00000000eab00000, 0x00000000f5080000, 0x0000000100000000)
  eden space 130048K, 100% used [0x00000000eab00000,0x00000000f2a00000,0x00000000f2a00000)
  from space 10240K, 0% used [0x00000000f2a00000,0x00000000f2a00000,0x00000000f3400000)
  to   space 13312K, 0% used [0x00000000f4380000,0x00000000f4380000,0x00000000f5080000)
 ParOldGen       total 105984K, used 20113K [0x00000000c0000000, 0x00000000c6780000, 0x00000000eab00000)
  object space 105984K, 18% used [0x00000000c0000000,0x00000000c13a45c8,0x00000000c6780000)
 Metaspace       used 45458K, capacity 46462K, committed 46640K, reserved 1089536K
  class space    used 6336K, capacity 6666K, committed 6704K, reserved 1048576K
Event: 10.416 GC heap after
Heap after GC invocations=10 (full 2):
 PSYoungGen      total 154112K, used 13296K [0x00000000eab00000, 0x00000000f7480000, 0x0000000100000000)
  eden space 140800K, 0% used [0x00000000eab00000,0x00000000eab00000,0x00000000f3480000)
  from space 13312K, 99% used [0x00000000f4380000,0x00000000f507c3f0,0x00000000f5080000)
  to   space 15360K, 0% used [0x00000000f3480000,0x00000000f3480000,0x00000000f4380000)
 ParOldGen       total 105984K, used 21435K [0x00000000c0000000, 0x00000000c6780000, 0x00000000eab00000)
  object space 105984K, 20% used [0x00000000c0000000,0x00000000c14eef28,0x00000000c6780000)
 Metaspace       used 45458K, capacity 46462K, committed 46640K, reserved 1089536K
  class space    used 6336K, capacity 6666K, committed 6704K, reserved 1048576K
}
Event: 11.921 GC heap before
{Heap before GC invocations=11 (full 2):
 PSYoungGen      total 154112K, used 154096K [0x00000000eab00000, 0x00000000f7480000, 0x0000000100000000)
  eden space 140800K, 100% used [0x00000000eab00000,0x00000000f3480000,0x00000000f3480000)
  from space 13312K, 99% used [0x00000000f4380000,0x00000000f507c3f0,0x00000000f5080000)
  to   space 15360K, 0% used [0x00000000f3480000,0x00000000f3480000,0x00000000f4380000)
 ParOldGen       total 105984K, used 21435K [0x00000000c0000000, 0x00000000c6780000, 0x00000000eab00000)
  object space 105984K, 20% used [0x00000000c0000000,0x00000000c14eef28,0x00000000c6780000)
 Metaspace       used 48742K, capacity 50204K, committed 50480K, reserved 1093632K
  class space    used 6750K, capacity 7117K, committed 7216K, reserved 1048576K
Event: 11.937 GC heap after
Heap after GC invocations=11 (full 2):
 PSYoungGen      total 156160K, used 15342K [0x00000000eab00000, 0x00000000f7480000, 0x0000000100000000)
  eden space 140800K, 0% used [0x00000000eab00000,0x00000000eab00000,0x00000000f3480000)
  from space 15360K, 99% used [0x00000000f3480000,0x00000000f437ba78,0x00000000f4380000)
  to   space 18432K, 0% used [0x00000000f6280000,0x00000000f6280000,0x00000000f7480000)
 ParOldGen       total 105984K, used 24095K [0x00000000c0000000, 0x00000000c6780000, 0x00000000eab00000)
  object space 105984K, 22% used [0x00000000c0000000,0x00000000c1787cb0,0x00000000c6780000)
 Metaspace       used 48742K, capacity 50204K, committed 50480K, reserved 1093632K
  class space    used 6750K, capacity 7117K, committed 7216K, reserved 1048576K
}
Event: 15.103 GC heap before
{Heap before GC invocations=12 (full 2):
 PSYoungGen      total 156160K, used 156142K [0x00000000eab00000, 0x00000000f7480000, 0x0000000100000000)
  eden space 140800K, 100% used [0x00000000eab00000,0x00000000f3480000,0x00000000f3480000)
  from space 15360K, 99% used [0x00000000f3480000,0x00000000f437ba78,0x00000000f4380000)
  to   space 18432K, 0% used [0x00000000f6280000,0x00000000f6280000,0x00000000f7480000)
 ParOldGen       total 105984K, used 24095K [0x00000000c0000000, 0x00000000c6780000, 0x00000000eab00000)
  object space 105984K, 22% used [0x00000000c0000000,0x00000000c1787cb0,0x00000000c6780000)
 Metaspace       used 54588K, capacity 56536K, committed 56752K, reserved 1097728K
  class space    used 7594K, capacity 8093K, committed 8112K, reserved 1048576K
Event: 15.140 GC heap after
Heap after GC invocations=12 (full 2):
 PSYoungGen      total 182272K, used 18418K [0x00000000eab00000, 0x00000000f7f00000, 0x0000000100000000)
  eden space 163840K, 0% used [0x00000000eab00000,0x00000000eab00000,0x00000000f4b00000)
  from space 18432K, 99% used [0x00000000f6280000,0x00000000f747c980,0x00000000f7480000)
  to   space 24064K, 0% used [0x00000000f4b00000,0x00000000f4b00000,0x00000000f6280000)
 ParOldGen       total 105984K, used 32872K [0x00000000c0000000, 0x00000000c6780000, 0x00000000eab00000)
  object space 105984K, 31% used [0x00000000c0000000,0x00000000c201a0c0,0x00000000c6780000)
 Metaspace       used 54588K, capacity 56536K, committed 56752K, reserved 1097728K
  class space    used 7594K, capacity 8093K, committed 8112K, reserved 1048576K
}
Event: 28.738 GC heap before
{Heap before GC invocations=13 (full 2):
 PSYoungGen      total 182272K, used 65086K [0x00000000eab00000, 0x00000000f7f00000, 0x0000000100000000)
  eden space 163840K, 28% used [0x00000000eab00000,0x00000000ed892f30,0x00000000f4b00000)
  from space 18432K, 99% used [0x00000000f6280000,0x00000000f747c980,0x00000000f7480000)
  to   space 24064K, 0% used [0x00000000f4b00000,0x00000000f4b00000,0x00000000f6280000)
 ParOldGen       total 105984K, used 32872K [0x00000000c0000000, 0x00000000c6780000, 0x00000000eab00000)
  object space 105984K, 31% used [0x00000000c0000000,0x00000000c201a0c0,0x00000000c6780000)
 Metaspace       used 56958K, capacity 59128K, committed 59160K, reserved 1099776K
  class space    used 7848K, capacity 8337K, committed 8368K, reserved 1048576K
Event: 28.761 GC heap after
Heap after GC invocations=13 (full 2):
 PSYoungGen      total 187904K, used 15692K [0x00000000eab00000, 0x00000000f9600000, 0x0000000100000000)
  eden space 163840K, 0% used [0x00000000eab00000,0x00000000eab00000,0x00000000f4b00000)
  from space 24064K, 65% used [0x00000000f4b00000,0x00000000f5a53158,0x00000000f6280000)
  to   space 24576K, 0% used [0x00000000f7e00000,0x00000000f7e00000,0x00000000f9600000)
 ParOldGen       total 105984K, used 39946K [0x00000000c0000000, 0x00000000c6780000, 0x00000000eab00000)
  object space 105984K, 37% used [0x00000000c0000000,0x00000000c2702b28,0x00000000c6780000)
 Metaspace       used 56958K, capacity 59128K, committed 59160K, reserved 1099776K
  class space    used 7848K, capacity 8337K, committed 8368K, reserved 1048576K
}
Event: 28.761 GC heap before
{Heap before GC invocations=14 (full 3):
 PSYoungGen      total 187904K, used 15692K [0x00000000eab00000, 0x00000000f9600000, 0x0000000100000000)
  eden space 163840K, 0% used [0x00000000eab00000,0x00000000eab00000,0x00000000f4b00000)
  from space 24064K, 65% used [0x00000000f4b00000,0x00000000f5a53158,0x00000000f6280000)
  to   space 24576K, 0% used [0x00000000f7e00000,0x00000000f7e00000,0x00000000f9600000)
 ParOldGen       total 105984K, used 39946K [0x00000000c0000000, 0x00000000c6780000, 0x00000000eab00000)
  object space 105984K, 37% used [0x00000000c0000000,0x00000000c2702b28,0x00000000c6780000)
 Metaspace       used 56958K, capacity 59128K, committed 59160K, reserved 1099776K
  class space    used 7848K, capacity 8337K, committed 8368K, reserved 1048576K
Event: 29.009 GC heap after
Heap after GC invocations=14 (full 3):
 PSYoungGen      total 187904K, used 0K [0x00000000eab00000, 0x00000000f9600000, 0x0000000100000000)
  eden space 163840K, 0% used [0x00000000eab00000,0x00000000eab00000,0x00000000f4b00000)
  from space 24064K, 0% used [0x00000000f4b00000,0x00000000f4b00000,0x00000000f6280000)
  to   space 24576K, 0% used [0x00000000f7e00000,0x00000000f7e00000,0x00000000f9600000)
 ParOldGen       total 163840K, used 41160K [0x00000000c0000000, 0x00000000ca000000, 0x00000000eab00000)
  object space 163840K, 25% used [0x00000000c0000000,0x00000000c28322a8,0x00000000ca000000)
 Metaspace       used 56958K, capacity 59128K, committed 59160K, reserved 1099776K
  class space    used 7848K, capacity 8337K, committed 8368K, reserved 1048576K
}

