# JRE version: Java(TM) SE Runtime Environment (8.0_112-b15) (build 1.8.0_112-b15)
# Java VM: Java HotSpot(TM) 64-Bit Server VM (25.112-b15 mixed mode windows-amd64 compressed oops)
Heap:
 PSYoungGen      total 282112K, used 18558K [0x00000000eab00000, 0x00000000fe400000, 0x0000000100000000)
  eden space 275456K, 4% used [0x00000000eab00000,0x00000000eb6bb950,0x00000000fb800000)
  from space 6656K, 98% used [0x00000000fc400000,0x00000000fca64030,0x00000000fca80000)
  to   space 16896K, 0% used [0x00000000fd380000,0x00000000fd380000,0x00000000fe400000)
 ParOldGen       total 113152K, used 41771K [0x00000000c0000000, 0x00000000c6e80000, 0x00000000eab00000)
  object space 113152K, 36% used [0x00000000c0000000,0x00000000c28cad60,0x00000000c6e80000)
 Metaspace       used 61655K, capacity 65118K, committed 65328K, reserved 1105920K
  class space    used 8196K, capacity 8914K, committed 9008K, reserved 1048576K
GC Heap History (10 events):
Event: 38.261 GC heap before
{Heap before GC invocations=14 (full 2):
 PSYoungGen      total 174592K, used 171856K [0x00000000eab00000, 0x00000000fa000000, 0x0000000100000000)
  eden space 161792K, 100% used [0x00000000eab00000,0x00000000f4900000,0x00000000f4900000)
  from space 12800K, 78% used [0x00000000f4900000,0x00000000f52d4120,0x00000000f5580000)
  to   space 13312K, 0% used [0x00000000f9300000,0x00000000f9300000,0x00000000fa000000)
 ParOldGen       total 67072K, used 23922K [0x00000000c0000000, 0x00000000c4180000, 0x00000000eab00000)
  object space 67072K, 35% used [0x00000000c0000000,0x00000000c175ca38,0x00000000c4180000)
 Metaspace       used 54731K, capacity 56748K, committed 57008K, reserved 1097728K
  class space    used 7600K, capacity 8097K, committed 8112K, reserved 1048576K
Event: 38.288 GC heap after
Heap after GC invocations=14 (full 2):
 PSYoungGen      total 233472K, used 13297K [0x00000000eab00000, 0x00000000fac00000, 0x0000000100000000)
  eden space 220160K, 0% used [0x00000000eab00000,0x00000000eab00000,0x00000000f8200000)
  from space 13312K, 99% used [0x00000000f9300000,0x00000000f9ffc430,0x00000000fa000000)
  to   space 17408K, 0% used [0x00000000f8200000,0x00000000f8200000,0x00000000f9300000)
 ParOldGen       total 67072K, used 30898K [0x00000000c0000000, 0x00000000c4180000, 0x00000000eab00000)
  object space 67072K, 46% used [0x00000000c0000000,0x00000000c1e2c930,0x00000000c4180000)
 Metaspace       used 54731K, capacity 56748K, committed 57008K, reserved 1097728K
  class space    used 7600K, capacity 8097K, committed 8112K, reserved 1048576K
}
Event: 47.602 GC heap before
{Heap before GC invocations=15 (full 2):
 PSYoungGen      total 233472K, used 47009K [0x00000000eab00000, 0x00000000fac00000, 0x0000000100000000)
  eden space 220160K, 15% used [0x00000000eab00000,0x00000000ecbec208,0x00000000f8200000)
  from space 13312K, 99% used [0x00000000f9300000,0x00000000f9ffc430,0x00000000fa000000)
  to   space 17408K, 0% used [0x00000000f8200000,0x00000000f8200000,0x00000000f9300000)
 ParOldGen       total 67072K, used 30898K [0x00000000c0000000, 0x00000000c4180000, 0x00000000eab00000)
  object space 67072K, 46% used [0x00000000c0000000,0x00000000c1e2c930,0x00000000c4180000)
 Metaspace       used 56981K, capacity 59074K, committed 59160K, reserved 1099776K
  class space    used 7849K, capacity 8338K, committed 8368K, reserved 1048576K
Event: 47.621 GC heap after
Heap after GC invocations=15 (full 2):
 PSYoungGen      total 237568K, used 4008K [0x00000000eab00000, 0x00000000ff480000, 0x0000000100000000)
  eden space 220160K, 0% used [0x00000000eab00000,0x00000000eab00000,0x00000000f8200000)
  from space 17408K, 23% used [0x00000000f8200000,0x00000000f85ea2b8,0x00000000f9300000)
  to   space 17408K, 0% used [0x00000000fe380000,0x00000000fe380000,0x00000000ff480000)
 ParOldGen       total 67072K, used 43572K [0x00000000c0000000, 0x00000000c4180000, 0x00000000eab00000)
  object space 67072K, 64% used [0x00000000c0000000,0x00000000c2a8d180,0x00000000c4180000)
 Metaspace       used 56981K, capacity 59074K, committed 59160K, reserved 1099776K
  class space    used 7849K, capacity 8338K, committed 8368K, reserved 1048576K
}
Event: 47.621 GC heap before
{Heap before GC invocations=16 (full 3):
 PSYoungGen      total 237568K, used 4008K [0x00000000eab00000, 0x00000000ff480000, 0x0000000100000000)
  eden space 220160K, 0% used [0x00000000eab00000,0x00000000eab00000,0x00000000f8200000)
  from space 17408K, 23% used [0x00000000f8200000,0x00000000f85ea2b8,0x00000000f9300000)
  to   space 17408K, 0% used [0x00000000fe380000,0x00000000fe380000,0x00000000ff480000)
 ParOldGen       total 67072K, used 43572K [0x00000000c0000000, 0x00000000c4180000, 0x00000000eab00000)
  object space 67072K, 64% used [0x00000000c0000000,0x00000000c2a8d180,0x00000000c4180000)
 Metaspace       used 56981K, capacity 59074K, committed 59160K, reserved 1099776K
  class space    used 7849K, capacity 8338K, committed 8368K, reserved 1048576K
Event: 47.944 GC heap after
Heap after GC invocations=16 (full 3):
 PSYoungGen      total 237568K, used 0K [0x00000000eab00000, 0x00000000ff480000, 0x0000000100000000)
  eden space 220160K, 0% used [0x00000000eab00000,0x00000000eab00000,0x00000000f8200000)
  from space 17408K, 0% used [0x00000000f8200000,0x00000000f8200000,0x00000000f9300000)
  to   space 17408K, 0% used [0x00000000fe380000,0x00000000fe380000,0x00000000ff480000)
 ParOldGen       total 113152K, used 41171K [0x00000000c0000000, 0x00000000c6e80000, 0x00000000eab00000)
  object space 113152K, 36% used [0x00000000c0000000,0x00000000c2834d60,0x00000000c6e80000)
 Metaspace       used 56981K, capacity 59074K, committed 59160K, reserved 1099776K
  class space    used 7849K, capacity 8338K, committed 8368K, reserved 1048576K
}
Event: 4618.038 GC heap before
{Heap before GC invocations=17 (full 3):
 PSYoungGen      total 237568K, used 220160K [0x00000000eab00000, 0x00000000ff480000, 0x0000000100000000)
  eden space 220160K, 100% used [0x00000000eab00000,0x00000000f8200000,0x00000000f8200000)
  from space 17408K, 0% used [0x00000000f8200000,0x00000000f8200000,0x00000000f9300000)
  to   space 17408K, 0% used [0x00000000fe380000,0x00000000fe380000,0x00000000ff480000)
 ParOldGen       total 113152K, used 41171K [0x00000000c0000000, 0x00000000c6e80000, 0x00000000eab00000)
  object space 113152K, 36% used [0x00000000c0000000,0x00000000c2834d60,0x00000000c6e80000)
 Metaspace       used 60398K, capacity 63194K, committed 63280K, reserved 1103872K
  class space    used 8083K, capacity 8714K, committed 8752K, reserved 1048576K
Event: 4618.047 GC heap after
Heap after GC invocations=17 (full 3):
 PSYoungGen      total 289792K, used 2286K [0x00000000eab00000, 0x00000000fe600000, 0x0000000100000000)
  eden space 287232K, 0% used [0x00000000eab00000,0x00000000eab00000,0x00000000fc380000)
  from space 2560K, 89% used [0x00000000fe380000,0x00000000fe5bbaa0,0x00000000fe600000)
  to   space 17408K, 0% used [0x00000000fc400000,0x00000000fc400000,0x00000000fd500000)
 ParOldGen       total 113152K, used 41179K [0x00000000c0000000, 0x00000000c6e80000, 0x00000000eab00000)
  object space 113152K, 36% used [0x00000000c0000000,0x00000000c2836d60,0x00000000c6e80000)
 Metaspace       used 60398K, capacity 63194K, committed 63280K, reserved 1103872K
  class space    used 8083K, capacity 8714K, committed 8752K, reserved 1048576K
}
Event: 7243.523 GC heap before
{Heap before GC invocations=18 (full 3):
 PSYoungGen      total 289792K, used 289518K [0x00000000eab00000, 0x00000000fe600000, 0x0000000100000000)
  eden space 287232K, 100% used [0x00000000eab00000,0x00000000fc380000,0x00000000fc380000)
  from space 2560K, 89% used [0x00000000fe380000,0x00000000fe5bbaa0,0x00000000fe600000)
  to   space 17408K, 0% used [0x00000000fc400000,0x00000000fc400000,0x00000000fd500000)
 ParOldGen       total 113152K, used 41179K [0x00000000c0000000, 0x00000000c6e80000, 0x00000000eab00000)
  object space 113152K, 36% used [0x00000000c0000000,0x00000000c2836d60,0x00000000c6e80000)
 Metaspace       used 61639K, capacity 65118K, committed 65328K, reserved 1105920K
  class space    used 8196K, capacity 8914K, committed 9008K, reserved 1048576K
Event: 7243.545 GC heap after
Heap after GC invocations=18 (full 3):
 PSYoungGen      total 282112K, used 6544K [0x00000000eab00000, 0x00000000fe400000, 0x0000000100000000)
  eden space 275456K, 0% used [0x00000000eab00000,0x00000000eab00000,0x00000000fb800000)
  from space 6656K, 98% used [0x00000000fc400000,0x00000000fca64030,0x00000000fca80000)
  to   space 16896K, 0% used [0x00000000fd380000,0x00000000fd380000,0x00000000fe400000)
 ParOldGen       total 113152K, used 41771K [0x00000000c0000000, 0x00000000c6e80000, 0x00000000eab00000)
  object space 113152K, 36% used [0x00000000c0000000,0x00000000c28cad60,0x00000000c6e80000)
 Metaspace       used 61639K, capacity 65118K, committed 65328K, reserved 1105920K
  class space    used 8196K, capacity 8914K, committed 9008K, reserved 1048576K
}

