# JRE version: Java(TM) SE Runtime Environment (8.0_112-b15) (build 1.8.0_112-b15)
# Java VM: Java HotSpot(TM) 64-Bit Server VM (25.112-b15 mixed mode windows-amd64 compressed oops)
Heap:
 PSYoungGen      total 155648K, used 32543K [0x00000000eab00000, 0x00000000f5680000, 0x0000000100000000)
  eden space 135680K, 23% used [0x00000000eab00000,0x00000000ecac7e88,0x00000000f2f80000)
  from space 19968K, 0% used [0x00000000f2f80000,0x00000000f2f80000,0x00000000f4300000)
  to   space 17408K, 0% used [0x00000000f4580000,0x00000000f4580000,0x00000000f5680000)
 ParOldGen       total 206848K, used 39253K [0x00000000c0000000, 0x00000000cca00000, 0x00000000eab00000)
  object space 206848K, 18% used [0x00000000c0000000,0x00000000c2655640,0x00000000cca00000)
 Metaspace       used 59527K, capacity 62052K, committed 62256K, reserved 1103872K
  class space    used 8036K, capacity 8635K, committed 8752K, reserved 1048576K
GC Heap History (10 events):
Event: 18.013 GC heap before
{Heap before GC invocations=15 (full 2):
 PSYoungGen      total 129536K, used 127930K [0x00000000eab00000, 0x00000000f4300000, 0x0000000100000000)
  eden space 115712K, 100% used [0x00000000eab00000,0x00000000f1c00000,0x00000000f1c00000)
  from space 13824K, 88% used [0x00000000f2a80000,0x00000000f366e9b0,0x00000000f3800000)
  to   space 14848K, 0% used [0x00000000f1c00000,0x00000000f1c00000,0x00000000f2a80000)
 ParOldGen       total 97792K, used 22499K [0x00000000c0000000, 0x00000000c5f80000, 0x00000000eab00000)
  object space 97792K, 23% used [0x00000000c0000000,0x00000000c15f8c00,0x00000000c5f80000)
 Metaspace       used 54530K, capacity 56442K, committed 56752K, reserved 1097728K
  class space    used 7588K, capacity 8086K, committed 8112K, reserved 1048576K
Event: 18.035 GC heap after
Heap after GC invocations=15 (full 2):
 PSYoungGen      total 130560K, used 14834K [0x00000000eab00000, 0x00000000f5800000, 0x0000000100000000)
  eden space 115712K, 0% used [0x00000000eab00000,0x00000000eab00000,0x00000000f1c00000)
  from space 14848K, 99% used [0x00000000f1c00000,0x00000000f2a7c950,0x00000000f2a80000)
  to   space 18944K, 0% used [0x00000000f4580000,0x00000000f4580000,0x00000000f5800000)
 ParOldGen       total 97792K, used 28742K [0x00000000c0000000, 0x00000000c5f80000, 0x00000000eab00000)
  object space 97792K, 29% used [0x00000000c0000000,0x00000000c1c11938,0x00000000c5f80000)
 Metaspace       used 54530K, capacity 56442K, committed 56752K, reserved 1097728K
  class space    used 7588K, capacity 8086K, committed 8112K, reserved 1048576K
}
Event: 31.645 GC heap before
{Heap before GC invocations=16 (full 2):
 PSYoungGen      total 130560K, used 74941K [0x00000000eab00000, 0x00000000f5800000, 0x0000000100000000)
  eden space 115712K, 51% used [0x00000000eab00000,0x00000000ee5b2cc0,0x00000000f1c00000)
  from space 14848K, 99% used [0x00000000f1c00000,0x00000000f2a7c950,0x00000000f2a80000)
  to   space 18944K, 0% used [0x00000000f4580000,0x00000000f4580000,0x00000000f5800000)
 ParOldGen       total 97792K, used 28742K [0x00000000c0000000, 0x00000000c5f80000, 0x00000000eab00000)
  object space 97792K, 29% used [0x00000000c0000000,0x00000000c1c11938,0x00000000c5f80000)
 Metaspace       used 56988K, capacity 59128K, committed 59160K, reserved 1099776K
  class space    used 7847K, capacity 8337K, committed 8368K, reserved 1048576K
Event: 31.671 GC heap after
Heap after GC invocations=16 (full 2):
 PSYoungGen      total 153088K, used 15041K [0x00000000eab00000, 0x00000000f5680000, 0x0000000100000000)
  eden space 135680K, 0% used [0x00000000eab00000,0x00000000eab00000,0x00000000f2f80000)
  from space 17408K, 86% used [0x00000000f4580000,0x00000000f54305b0,0x00000000f5680000)
  to   space 19968K, 0% used [0x00000000f2f80000,0x00000000f2f80000,0x00000000f4300000)
 ParOldGen       total 97792K, used 34254K [0x00000000c0000000, 0x00000000c5f80000, 0x00000000eab00000)
  object space 97792K, 35% used [0x00000000c0000000,0x00000000c21738b0,0x00000000c5f80000)
 Metaspace       used 56988K, capacity 59128K, committed 59160K, reserved 1099776K
  class space    used 7847K, capacity 8337K, committed 8368K, reserved 1048576K
}
Event: 31.671 GC heap before
{Heap before GC invocations=17 (full 3):
 PSYoungGen      total 153088K, used 15041K [0x00000000eab00000, 0x00000000f5680000, 0x0000000100000000)
  eden space 135680K, 0% used [0x00000000eab00000,0x00000000eab00000,0x00000000f2f80000)
  from space 17408K, 86% used [0x00000000f4580000,0x00000000f54305b0,0x00000000f5680000)
  to   space 19968K, 0% used [0x00000000f2f80000,0x00000000f2f80000,0x00000000f4300000)
 ParOldGen       total 97792K, used 34254K [0x00000000c0000000, 0x00000000c5f80000, 0x00000000eab00000)
  object space 97792K, 35% used [0x00000000c0000000,0x00000000c21738b0,0x00000000c5f80000)
 Metaspace       used 56988K, capacity 59128K, committed 59160K, reserved 1099776K
  class space    used 7847K, capacity 8337K, committed 8368K, reserved 1048576K
Event: 32.185 GC heap after
Heap after GC invocations=17 (full 3):
 PSYoungGen      total 153088K, used 0K [0x00000000eab00000, 0x00000000f5680000, 0x0000000100000000)
  eden space 135680K, 0% used [0x00000000eab00000,0x00000000eab00000,0x00000000f2f80000)
  from space 17408K, 0% used [0x00000000f4580000,0x00000000f4580000,0x00000000f5680000)
  to   space 19968K, 0% used [0x00000000f2f80000,0x00000000f2f80000,0x00000000f4300000)
 ParOldGen       total 163328K, used 43920K [0x00000000c0000000, 0x00000000c9f80000, 0x00000000eab00000)
  object space 163328K, 26% used [0x00000000c0000000,0x00000000c2ae43d8,0x00000000c9f80000)
 Metaspace       used 56988K, capacity 59128K, committed 59160K, reserved 1099776K
  class space    used 7847K, capacity 8337K, committed 8368K, reserved 1048576K
}
Event: 297.486 GC heap before
{Heap before GC invocations=18 (full 3):
 PSYoungGen      total 153088K, used 40761K [0x00000000eab00000, 0x00000000f5680000, 0x0000000100000000)
  eden space 135680K, 30% used [0x00000000eab00000,0x00000000ed2ce738,0x00000000f2f80000)
  from space 17408K, 0% used [0x00000000f4580000,0x00000000f4580000,0x00000000f5680000)
  to   space 19968K, 0% used [0x00000000f2f80000,0x00000000f2f80000,0x00000000f4300000)
 ParOldGen       total 163328K, used 43920K [0x00000000c0000000, 0x00000000c9f80000, 0x00000000eab00000)
  object space 163328K, 26% used [0x00000000c0000000,0x00000000c2ae43d8,0x00000000c9f80000)
 Metaspace       used 59155K, capacity 61538K, committed 61616K, reserved 1105920K
  class space    used 8013K, capacity 8594K, committed 8624K, reserved 1048576K
Event: 297.495 GC heap after
Heap after GC invocations=18 (full 3):
 PSYoungGen      total 155648K, used 4786K [0x00000000eab00000, 0x00000000f5680000, 0x0000000100000000)
  eden space 135680K, 0% used [0x00000000eab00000,0x00000000eab00000,0x00000000f2f80000)
  from space 19968K, 23% used [0x00000000f2f80000,0x00000000f342c928,0x00000000f4300000)
  to   space 17408K, 0% used [0x00000000f4580000,0x00000000f4580000,0x00000000f5680000)
 ParOldGen       total 163328K, used 43928K [0x00000000c0000000, 0x00000000c9f80000, 0x00000000eab00000)
  object space 163328K, 26% used [0x00000000c0000000,0x00000000c2ae63d8,0x00000000c9f80000)
 Metaspace       used 59155K, capacity 61538K, committed 61616K, reserved 1105920K
  class space    used 8013K, capacity 8594K, committed 8624K, reserved 1048576K
}
Event: 297.495 GC heap before
{Heap before GC invocations=19 (full 4):
 PSYoungGen      total 155648K, used 4786K [0x00000000eab00000, 0x00000000f5680000, 0x0000000100000000)
  eden space 135680K, 0% used [0x00000000eab00000,0x00000000eab00000,0x00000000f2f80000)
  from space 19968K, 23% used [0x00000000f2f80000,0x00000000f342c928,0x00000000f4300000)
  to   space 17408K, 0% used [0x00000000f4580000,0x00000000f4580000,0x00000000f5680000)
 ParOldGen       total 163328K, used 43928K [0x00000000c0000000, 0x00000000c9f80000, 0x00000000eab00000)
  object space 163328K, 26% used [0x00000000c0000000,0x00000000c2ae63d8,0x00000000c9f80000)
 Metaspace       used 59155K, capacity 61538K, committed 61616K, reserved 1105920K
  class space    used 8013K, capacity 8594K, committed 8624K, reserved 1048576K
Event: 297.714 GC heap after
Heap after GC invocations=19 (full 4):
 PSYoungGen      total 155648K, used 0K [0x00000000eab00000, 0x00000000f5680000, 0x0000000100000000)
  eden space 135680K, 0% used [0x00000000eab00000,0x00000000eab00000,0x00000000f2f80000)
  from space 19968K, 0% used [0x00000000f2f80000,0x00000000f2f80000,0x00000000f4300000)
  to   space 17408K, 0% used [0x00000000f4580000,0x00000000f4580000,0x00000000f5680000)
 ParOldGen       total 206848K, used 39253K [0x00000000c0000000, 0x00000000cca00000, 0x00000000eab00000)
  object space 206848K, 18% used [0x00000000c0000000,0x00000000c2655640,0x00000000cca00000)
 Metaspace       used 59155K, capacity 61538K, committed 61616K, reserved 1103872K
  class space    used 8013K, capacity 8594K, committed 8624K, reserved 1048576K
}

