# JRE version: Java(TM) SE Runtime Environment (8.0_112-b15) (build 1.8.0_112-b15)
# Java VM: Java HotSpot(TM) 64-Bit Server VM (25.112-b15 mixed mode windows-amd64 compressed oops)
Heap:
 PSYoungGen      total 158208K, used 10586K [0x00000000eab00000, 0x00000000f6c00000, 0x0000000100000000)
  eden space 138240K, 0% used [0x00000000eab00000,0x00000000eab00000,0x00000000f3200000)
  from space 19968K, 53% used [0x00000000f3200000,0x00000000f3c56848,0x00000000f4580000)
  to   space 14336K, 0% used [0x00000000f4580000,0x00000000f4580000,0x00000000f5380000)
 ParOldGen       total 91648K, used 40512K [0x00000000c0000000, 0x00000000c5980000, 0x00000000eab00000)
  object space 91648K, 44% used [0x00000000c0000000,0x00000000c2790348,0x00000000c5980000)
 Metaspace       used 57022K, capacity 59126K, committed 59160K, reserved 1099776K
  class space    used 7855K, capacity 8346K, committed 8368K, reserved 1048576K
GC Heap History (10 events):
Event: 7.258 GC heap after
Heap after GC invocations=11 (full 2):
 PSYoungGen      total 103424K, used 0K [0x00000000eab00000, 0x00000000f3f00000, 0x0000000100000000)
  eden space 91648K, 0% used [0x00000000eab00000,0x00000000eab00000,0x00000000f0480000)
  from space 11776K, 0% used [0x00000000f0480000,0x00000000f0480000,0x00000000f1000000)
  to   space 11264K, 0% used [0x00000000f3400000,0x00000000f3400000,0x00000000f3f00000)
 ParOldGen       total 91648K, used 15582K [0x00000000c0000000, 0x00000000c5980000, 0x00000000eab00000)
  object space 91648K, 17% used [0x00000000c0000000,0x00000000c0f37a68,0x00000000c5980000)
 Metaspace       used 34645K, capacity 35348K, committed 35496K, reserved 1079296K
  class space    used 4893K, capacity 5129K, committed 5168K, reserved 1048576K
}
Event: 8.301 GC heap before
{Heap before GC invocations=12 (full 2):
 PSYoungGen      total 103424K, used 91648K [0x00000000eab00000, 0x00000000f3f00000, 0x0000000100000000)
  eden space 91648K, 100% used [0x00000000eab00000,0x00000000f0480000,0x00000000f0480000)
  from space 11776K, 0% used [0x00000000f0480000,0x00000000f0480000,0x00000000f1000000)
  to   space 11264K, 0% used [0x00000000f3400000,0x00000000f3400000,0x00000000f3f00000)
 ParOldGen       total 91648K, used 15582K [0x00000000c0000000, 0x00000000c5980000, 0x00000000eab00000)
  object space 91648K, 17% used [0x00000000c0000000,0x00000000c0f37a68,0x00000000c5980000)
 Metaspace       used 39769K, capacity 40698K, committed 41008K, reserved 1085440K
  class space    used 5542K, capacity 5831K, committed 5936K, reserved 1048576K
Event: 8.315 GC heap after
Heap after GC invocations=12 (full 2):
 PSYoungGen      total 125952K, used 10066K [0x00000000eab00000, 0x00000000f3e00000, 0x0000000100000000)
  eden space 115712K, 0% used [0x00000000eab00000,0x00000000eab00000,0x00000000f1c00000)
  from space 10240K, 98% used [0x00000000f3400000,0x00000000f3dd4b40,0x00000000f3e00000)
  to   space 12288K, 0% used [0x00000000f2600000,0x00000000f2600000,0x00000000f3200000)
 ParOldGen       total 91648K, used 15590K [0x00000000c0000000, 0x00000000c5980000, 0x00000000eab00000)
  object space 91648K, 17% used [0x00000000c0000000,0x00000000c0f39a68,0x00000000c5980000)
 Metaspace       used 39769K, capacity 40698K, committed 41008K, reserved 1085440K
  class space    used 5542K, capacity 5831K, committed 5936K, reserved 1048576K
}
Event: 9.895 GC heap before
{Heap before GC invocations=13 (full 2):
 PSYoungGen      total 125952K, used 125778K [0x00000000eab00000, 0x00000000f3e00000, 0x0000000100000000)
  eden space 115712K, 100% used [0x00000000eab00000,0x00000000f1c00000,0x00000000f1c00000)
  from space 10240K, 98% used [0x00000000f3400000,0x00000000f3dd4b40,0x00000000f3e00000)
  to   space 12288K, 0% used [0x00000000f2600000,0x00000000f2600000,0x00000000f3200000)
 ParOldGen       total 91648K, used 15590K [0x00000000c0000000, 0x00000000c5980000, 0x00000000eab00000)
  object space 91648K, 17% used [0x00000000c0000000,0x00000000c0f39a68,0x00000000c5980000)
 Metaspace       used 46089K, capacity 47158K, committed 47408K, reserved 1089536K
  class space    used 6363K, capacity 6686K, committed 6704K, reserved 1048576K
Event: 9.912 GC heap after
Heap after GC invocations=13 (full 2):
 PSYoungGen      total 138240K, used 12258K [0x00000000eab00000, 0x00000000f5380000, 0x0000000100000000)
  eden space 125952K, 0% used [0x00000000eab00000,0x00000000eab00000,0x00000000f2600000)
  from space 12288K, 99% used [0x00000000f2600000,0x00000000f31f8840,0x00000000f3200000)
  to   space 14336K, 0% used [0x00000000f4580000,0x00000000f4580000,0x00000000f5380000)
 ParOldGen       total 91648K, used 18303K [0x00000000c0000000, 0x00000000c5980000, 0x00000000eab00000)
  object space 91648K, 19% used [0x00000000c0000000,0x00000000c11dfe78,0x00000000c5980000)
 Metaspace       used 46089K, capacity 47158K, committed 47408K, reserved 1089536K
  class space    used 6363K, capacity 6686K, committed 6704K, reserved 1048576K
}
Event: 11.732 GC heap before
{Heap before GC invocations=14 (full 2):
 PSYoungGen      total 138240K, used 138210K [0x00000000eab00000, 0x00000000f5380000, 0x0000000100000000)
  eden space 125952K, 100% used [0x00000000eab00000,0x00000000f2600000,0x00000000f2600000)
  from space 12288K, 99% used [0x00000000f2600000,0x00000000f31f8840,0x00000000f3200000)
  to   space 14336K, 0% used [0x00000000f4580000,0x00000000f4580000,0x00000000f5380000)
 ParOldGen       total 91648K, used 18303K [0x00000000c0000000, 0x00000000c5980000, 0x00000000eab00000)
  object space 91648K, 19% used [0x00000000c0000000,0x00000000c11dfe78,0x00000000c5980000)
 Metaspace       used 52120K, capacity 54064K, committed 54192K, reserved 1095680K
  class space    used 7282K, capacity 7789K, committed 7856K, reserved 1048576K
Event: 11.774 GC heap after
Heap after GC invocations=14 (full 2):
 PSYoungGen      total 152576K, used 14321K [0x00000000eab00000, 0x00000000f6c00000, 0x0000000100000000)
  eden space 138240K, 0% used [0x00000000eab00000,0x00000000eab00000,0x00000000f3200000)
  from space 14336K, 99% used [0x00000000f4580000,0x00000000f537c690,0x00000000f5380000)
  to   space 19968K, 0% used [0x00000000f3200000,0x00000000f3200000,0x00000000f4580000)
 ParOldGen       total 91648K, used 27923K [0x00000000c0000000, 0x00000000c5980000, 0x00000000eab00000)
  object space 91648K, 30% used [0x00000000c0000000,0x00000000c1b44eb0,0x00000000c5980000)
 Metaspace       used 52120K, capacity 54064K, committed 54192K, reserved 1095680K
  class space    used 7282K, capacity 7789K, committed 7856K, reserved 1048576K
}
Event: 27.083 GC heap before
{Heap before GC invocations=15 (full 2):
 PSYoungGen      total 152576K, used 123394K [0x00000000eab00000, 0x00000000f6c00000, 0x0000000100000000)
  eden space 138240K, 78% used [0x00000000eab00000,0x00000000f1584558,0x00000000f3200000)
  from space 14336K, 99% used [0x00000000f4580000,0x00000000f537c690,0x00000000f5380000)
  to   space 19968K, 0% used [0x00000000f3200000,0x00000000f3200000,0x00000000f4580000)
 ParOldGen       total 91648K, used 27923K [0x00000000c0000000, 0x00000000c5980000, 0x00000000eab00000)
  object space 91648K, 30% used [0x00000000c0000000,0x00000000c1b44eb0,0x00000000c5980000)
 Metaspace       used 57022K, capacity 59126K, committed 59160K, reserved 1099776K
  class space    used 7855K, capacity 8346K, committed 8368K, reserved 1048576K
Event: 27.114 GC heap after
Heap after GC invocations=15 (full 2):
 PSYoungGen      total 158208K, used 10586K [0x00000000eab00000, 0x00000000f6c00000, 0x0000000100000000)
  eden space 138240K, 0% used [0x00000000eab00000,0x00000000eab00000,0x00000000f3200000)
  from space 19968K, 53% used [0x00000000f3200000,0x00000000f3c56848,0x00000000f4580000)
  to   space 14336K, 0% used [0x00000000f4580000,0x00000000f4580000,0x00000000f5380000)
 ParOldGen       total 91648K, used 40512K [0x00000000c0000000, 0x00000000c5980000, 0x00000000eab00000)
  object space 91648K, 44% used [0x00000000c0000000,0x00000000c2790348,0x00000000c5980000)
 Metaspace       used 57022K, capacity 59126K, committed 59160K, reserved 1099776K
  class space    used 7855K, capacity 8346K, committed 8368K, reserved 1048576K
}
Event: 27.114 GC heap before
{Heap before GC invocations=16 (full 3):
 PSYoungGen      total 158208K, used 10586K [0x00000000eab00000, 0x00000000f6c00000, 0x0000000100000000)
  eden space 138240K, 0% used [0x00000000eab00000,0x00000000eab00000,0x00000000f3200000)
  from space 19968K, 53% used [0x00000000f3200000,0x00000000f3c56848,0x00000000f4580000)
  to   space 14336K, 0% used [0x00000000f4580000,0x00000000f4580000,0x00000000f5380000)
 ParOldGen       total 91648K, used 40512K [0x00000000c0000000, 0x00000000c5980000, 0x00000000eab00000)
  object space 91648K, 44% used [0x00000000c0000000,0x00000000c2790348,0x00000000c5980000)
 Metaspace       used 57022K, capacity 59126K, committed 59160K, reserved 1099776K
  class space    used 7855K, capacity 8346K, committed 8368K, reserved 1048576K

